-------------------------------------------------------------------------------
Test set: jp.spring.boot.algolearn.controller.teacher.StudentControllerTest
-------------------------------------------------------------------------------
Tests run: 6, Failures: 0, Errors: 5, Skipped: 0, Time elapsed: 9.453 s <<< FAILURE! - in jp.spring.boot.algolearn.controller.teacher.StudentControllerTest
先生用学生削除処理(jp.spring.boot.algolearn.controller.teacher.StudentControllerTest)  Time elapsed: 1.776 s  <<< ERROR!
com.ninja_squad.dbsetup.DbSetupRuntimeException: 
org.h2.jdbc.JdbcSQLException: 列 "USER_ID" が見つかりません
Column "USER_ID" not found; SQL statement:
insert into t_user (user_id, password, name, role_id) values (?, ?, ?, ?) [42122-196]
	at jp.spring.boot.algolearn.controller.teacher.StudentControllerTest.先生用学生削除処理(StudentControllerTest.java:215)
Caused by: org.h2.jdbc.JdbcSQLException: 
列 "USER_ID" が見つかりません
Column "USER_ID" not found; SQL statement:
insert into t_user (user_id, password, name, role_id) values (?, ?, ?, ?) [42122-196]
	at jp.spring.boot.algolearn.controller.teacher.StudentControllerTest.先生用学生削除処理(StudentControllerTest.java:215)

先生用学生登録処理(jp.spring.boot.algolearn.controller.teacher.StudentControllerTest)  Time elapsed: 1.644 s  <<< ERROR!
org.springframework.web.util.NestedServletException: Request processing failed; nested exception is org.springframework.orm.jpa.JpaSystemException: ids for this class must be manually assigned before calling save(): jp.spring.boot.algolearn.bean.UserBean; nested exception is org.hibernate.id.IdentifierGenerationException: ids for this class must be manually assigned before calling save(): jp.spring.boot.algolearn.bean.UserBean
	at jp.spring.boot.algolearn.controller.teacher.StudentControllerTest.先生用学生登録処理(StudentControllerTest.java:140)
Caused by: org.springframework.orm.jpa.JpaSystemException: ids for this class must be manually assigned before calling save(): jp.spring.boot.algolearn.bean.UserBean; nested exception is org.hibernate.id.IdentifierGenerationException: ids for this class must be manually assigned before calling save(): jp.spring.boot.algolearn.bean.UserBean
	at jp.spring.boot.algolearn.controller.teacher.StudentControllerTest.先生用学生登録処理(StudentControllerTest.java:140)
Caused by: org.hibernate.id.IdentifierGenerationException: ids for this class must be manually assigned before calling save(): jp.spring.boot.algolearn.bean.UserBean
	at jp.spring.boot.algolearn.controller.teacher.StudentControllerTest.先生用学生登録処理(StudentControllerTest.java:140)

先生用学生編集ページ表示(jp.spring.boot.algolearn.controller.teacher.StudentControllerTest)  Time elapsed: 1.514 s  <<< ERROR!
com.ninja_squad.dbsetup.DbSetupRuntimeException: 
org.h2.jdbc.JdbcSQLException: 列 "USER_ID" が見つかりません
Column "USER_ID" not found; SQL statement:
insert into t_user (user_id, password, name, role_id) values (?, ?, ?, ?) [42122-196]
	at jp.spring.boot.algolearn.controller.teacher.StudentControllerTest.先生用学生編集ページ表示(StudentControllerTest.java:163)
Caused by: org.h2.jdbc.JdbcSQLException: 
列 "USER_ID" が見つかりません
Column "USER_ID" not found; SQL statement:
insert into t_user (user_id, password, name, role_id) values (?, ?, ?, ?) [42122-196]
	at jp.spring.boot.algolearn.controller.teacher.StudentControllerTest.先生用学生編集ページ表示(StudentControllerTest.java:163)

先生用学生編集処理(jp.spring.boot.algolearn.controller.teacher.StudentControllerTest)  Time elapsed: 1.507 s  <<< ERROR!
com.ninja_squad.dbsetup.DbSetupRuntimeException: 
org.h2.jdbc.JdbcSQLException: 列 "USER_ID" が見つかりません
Column "USER_ID" not found; SQL statement:
insert into t_user (user_id, password, name, role_id) values (?, ?, ?, ?) [42122-196]
	at jp.spring.boot.algolearn.controller.teacher.StudentControllerTest.先生用学生編集処理(StudentControllerTest.java:185)
Caused by: org.h2.jdbc.JdbcSQLException: 
列 "USER_ID" が見つかりません
Column "USER_ID" not found; SQL statement:
insert into t_user (user_id, password, name, role_id) values (?, ?, ?, ?) [42122-196]
	at jp.spring.boot.algolearn.controller.teacher.StudentControllerTest.先生用学生編集処理(StudentControllerTest.java:185)

先生用学生一覧ページ表示(jp.spring.boot.algolearn.controller.teacher.StudentControllerTest)  Time elapsed: 1.481 s  <<< ERROR!
com.ninja_squad.dbsetup.DbSetupRuntimeException: 
org.h2.jdbc.JdbcSQLException: 列 "USER_ID" が見つかりません
Column "USER_ID" not found; SQL statement:
insert into t_user (user_id, password, name, role_id) values (?, ?, ?, ?) [42122-196]
	at jp.spring.boot.algolearn.controller.teacher.StudentControllerTest.先生用学生一覧ページ表示(StudentControllerTest.java:102)
Caused by: org.h2.jdbc.JdbcSQLException: 
列 "USER_ID" が見つかりません
Column "USER_ID" not found; SQL statement:
insert into t_user (user_id, password, name, role_id) values (?, ?, ?, ?) [42122-196]
	at jp.spring.boot.algolearn.controller.teacher.StudentControllerTest.先生用学生一覧ページ表示(StudentControllerTest.java:102)

