-------------------------------------------------------------------------------
Test set: jp.spring.boot.algolearn.controller.teacher.ClassControllerTest
-------------------------------------------------------------------------------
Tests run: 6, Failures: 1, Errors: 0, Skipped: 0, Time elapsed: 40.261 s <<< FAILURE! - in jp.spring.boot.algolearn.controller.teacher.ClassControllerTest
先生用クラス編集ページ表示(jp.spring.boot.algolearn.controller.teacher.ClassControllerTest)  Time elapsed: 8.345 s  <<< FAILURE!
java.lang.AssertionError: Status expected:<200> but was:<404>
	at jp.spring.boot.algolearn.controller.teacher.ClassControllerTest.先生用クラス編集ページ表示(ClassControllerTest.java:309)

