<?xml version="1.0" encoding="UTF-8"?>
<testsuite xmlns:xsi="http://www.w3.org/2001/XMLSchema-instance" xsi:noNamespaceSchemaLocation="https://maven.apache.org/surefire/maven-surefire-plugin/xsd/surefire-test-report.xsd" name="jp.spring.boot.algolearn.controller.teacher.StudentControllerTest" time="9.453" tests="6" errors="5" skipped="0" failures="0">
  <properties>
[...]
</properties>
  <testcase name="先生用学生削除処理" classname="jp.spring.boot.algolearn.controller.teacher.StudentControllerTest" time="1.776">
    <error message="org.h2.jdbc.JdbcSQLException: 列 &quot;USER_ID&quot; が見つかりません&#10;Column &quot;USER_ID&quot; not found; SQL statement:&#10;insert into t_user (user_id, password, name, role_id) values (?, ?, ?, ?) [42122-196]" type="com.ninja_squad.dbsetup.DbSetupRuntimeException">com.ninja_squad.dbsetup.DbSetupRuntimeException: 
org.h2.jdbc.JdbcSQLException: 列 "USER_ID" が見つかりません
Column "USER_ID" not found; SQL statement:
insert into t_user (user_id, password, name, role_id) values (?, ?, ?, ?) [42122-196]
	at jp.spring.boot.algolearn.controller.teacher.StudentControllerTest.先生用学生削除処理(StudentControllerTest.java:215)
Caused by: org.h2.jdbc.JdbcSQLException: 
列 "USER_ID" が見つかりません
Column "USER_ID" not found; SQL statement:
insert into t_user (user_id, password, name, role_id) values (?, ?, ?, ?) [42122-196]
	at jp.spring.boot.algolearn.controller.teacher.StudentControllerTest.先生用学生削除処理(StudentControllerTest.java:215)
</error>
    <system-out><![CDATA[2019-06-25 02:24:59.933  INFO 11200 --- [           main] .b.t.c.SpringBootTestContextBootstrapper : Neither @ContextConfiguration nor @ContextHierarchy found for test class [jp.spring.boot.algolearn.controller.teacher.StudentControllerTest], using SpringBootContextLoader
2019-06-25 02:25:01.322  INFO 11200 --- [           main] o.s.t.c.support.AbstractContextLoader    : Could not detect default resource locations for test class [jp.spring.boot.algolearn.controller.teacher.StudentControllerTest]: no resource found for suffixes {-context.xml, Context.groovy}.
2019-06-25 02:25:01.322  INFO 11200 --- [           main] t.c.s.AnnotationConfigContextLoaderUtils : Could not detect default configuration classes for test class [jp.spring.boot.algolearn.controller.teacher.StudentControllerTest]: StudentControllerTest does not declare any static, non-private, non-final, nested classes annotated with @Configuration.
2019-06-25 02:25:01.337  INFO 11200 --- [           main] .b.t.c.SpringBootTestContextBootstrapper : Found @SpringBootConfiguration jp.spring.boot.algolearn.AlgoLearnApplication for test class jp.spring.boot.algolearn.controller.teacher.StudentControllerTest
2019-06-25 02:25:01.337  INFO 11200 --- [           main] .b.t.c.SpringBootTestContextBootstrapper : Loaded default TestExecutionListener class names from location [META-INF/spring.factories]: [org.springframework.boot.test.mock.mockito.MockitoTestExecutionListener, org.springframework.boot.test.mock.mockito.ResetMocksTestExecutionListener, org.springframework.boot.test.autoconfigure.restdocs.RestDocsTestExecutionListener, org.springframework.boot.test.autoconfigure.web.client.MockRestServiceServerResetTestExecutionListener, org.springframework.boot.test.autoconfigure.web.servlet.MockMvcPrintOnlyOnFailureTestExecutionListener, org.springframework.boot.test.autoconfigure.web.servlet.WebDriverTestExecutionListener, org.springframework.test.context.web.ServletTestExecutionListener, org.springframework.test.context.support.DirtiesContextBeforeModesTestExecutionListener, org.springframework.test.context.support.DependencyInjectionTestExecutionListener, org.springframework.test.context.support.DirtiesContextTestExecutionListener, org.springframework.test.context.transaction.TransactionalTestExecutionListener, org.springframework.test.context.jdbc.SqlScriptsTestExecutionListener]
2019-06-25 02:25:01.337  INFO 11200 --- [           main] .b.t.c.SpringBootTestContextBootstrapper : Using TestExecutionListeners: [org.springframework.test.context.web.ServletTestExecutionListener@1ee2e363, org.springframework.test.context.support.DirtiesContextBeforeModesTestExecutionListener@60e83cb9, org.springframework.boot.test.mock.mockito.MockitoTestExecutionListener@612e1c6e, org.springframework.boot.test.autoconfigure.SpringBootDependencyInjectionTestExecutionListener@1cf45f46, org.springframework.test.context.support.DirtiesContextTestExecutionListener@15045e40, org.springframework.test.context.transaction.TransactionalTestExecutionListener@34a8a5ad, org.springframework.test.context.jdbc.SqlScriptsTestExecutionListener@2574123a, org.springframework.boot.test.mock.mockito.ResetMocksTestExecutionListener@1bc467bd, org.springframework.boot.test.autoconfigure.restdocs.RestDocsTestExecutionListener@2c05ccdb, org.springframework.boot.test.autoconfigure.web.client.MockRestServiceServerResetTestExecutionListener@5d71813b, org.springframework.boot.test.autoconfigure.web.servlet.MockMvcPrintOnlyOnFailureTestExecutionListener@5891bd6d, org.springframework.boot.test.autoconfigure.web.servlet.WebDriverTestExecutionListener@6050d04d]
2019-06-25 02:25:01.438  INFO 11200 --- [           main] ConfigServletWebServerApplicationContext : Closing org.springframework.boot.web.servlet.context.AnnotationConfigServletWebServerApplicationContext@570f96b7: startup date [Tue Jun 25 02:24:58 JST 2019]; root of context hierarchy
2019-06-25 02:25:01.438  INFO 11200 --- [           main] j.LocalContainerEntityManagerFactoryBean : Closing JPA EntityManagerFactory for persistence unit 'default'
2019-06-25 02:25:01.438  INFO 11200 --- [           main] .SchemaDropperImpl$DelayedDropActionImpl : HHH000477: Starting delayed drop of schema as part of SessionFactory shut-down'
2019-06-25 02:25:01.438 DEBUG 11200 --- [           main] org.hibernate.SQL                        : drop table employee if exists
2019-06-25 02:25:01.438 DEBUG 11200 --- [           main] org.hibernate.SQL                        : drop table employee_project if exists
2019-06-25 02:25:01.438 DEBUG 11200 --- [           main] org.hibernate.SQL                        : drop table project if exists
2019-06-25 02:25:01.438 DEBUG 11200 --- [           main] org.hibernate.SQL                        : drop table t_class if exists
2019-06-25 02:25:01.438 DEBUG 11200 --- [           main] org.hibernate.SQL                        : drop table t_question if exists
2019-06-25 02:25:01.454 DEBUG 11200 --- [           main] org.hibernate.SQL                        : drop table t_task if exists
2019-06-25 02:25:01.454 DEBUG 11200 --- [           main] org.hibernate.SQL                        : drop table t_task_valiable if exists
2019-06-25 02:25:01.454 DEBUG 11200 --- [           main] org.hibernate.SQL                        : drop table t_task_valiable_answer if exists
2019-06-25 02:25:01.454 DEBUG 11200 --- [           main] org.hibernate.SQL                        : drop table t_user if exists
2019-06-25 02:25:01.454 DEBUG 11200 --- [           main] org.hibernate.SQL                        : drop table t_user_class if exists
2019-06-25 02:25:01.454  INFO 11200 --- [           main] com.zaxxer.hikari.HikariDataSource       : HikariPool-7 - Shutdown initiated...
2019-06-25 02:25:01.460  INFO 11200 --- [           main] com.zaxxer.hikari.HikariDataSource       : HikariPool-7 - Shutdown completed.

  .   ____          _            __ _ _
 /\\ / ___'_ __ _ _(_)_ __  __ _ \ \ \ \
( ( )\___ | '_ | '_| | '_ \/ _` | \ \ \ \
 \\/  ___)| |_)| | | | | || (_| |  ) ) ) )
  '  |____| .__|_| |_|_| |_\__, | / / / /
 =========|_|==============|___/=/_/_/_/
 :: Spring Boot ::        (v2.0.0.RELEASE)

2019-06-25 02:25:01.823  INFO 11200 --- [           main] j.s.b.a.c.teacher.StudentControllerTest  : Starting StudentControllerTest on MyComputer with PID 11200 (started by user01-m in F:\dev\workspace_sts\algolearn_20190622)
2019-06-25 02:25:01.823  INFO 11200 --- [           main] j.s.b.a.c.teacher.StudentControllerTest  : The following profiles are active: test
2019-06-25 02:25:01.823  INFO 11200 --- [           main] ConfigServletWebServerApplicationContext : Refreshing org.springframework.boot.web.servlet.context.AnnotationConfigServletWebServerApplicationContext@70edffdb: startup date [Tue Jun 25 02:25:01 JST 2019]; root of context hierarchy
2019-06-25 02:25:02.183  INFO 11200 --- [           main] trationDelegate$BeanPostProcessorChecker : Bean 'org.springframework.transaction.annotation.ProxyTransactionManagementConfiguration' of type [org.springframework.transaction.annotation.ProxyTransactionManagementConfiguration$$EnhancerBySpringCGLIB$$31723b68] is not eligible for getting processed by all BeanPostProcessors (for example: not eligible for auto-proxying)
2019-06-25 02:25:02.250  INFO 11200 --- [           main] o.s.b.w.embedded.tomcat.TomcatWebServer  : Tomcat initialized with port(s): 0 (http)
2019-06-25 02:25:02.251  INFO 11200 --- [           main] o.apache.catalina.core.StandardService   : Starting service [Tomcat]
2019-06-25 02:25:02.251  INFO 11200 --- [           main] org.apache.catalina.core.StandardEngine  : Starting Servlet Engine: Apache Tomcat/8.5.28
2019-06-25 02:25:02.258  INFO 11200 --- [ost-startStop-1] o.a.c.c.C.[Tomcat].[localhost].[/]       : Initializing Spring embedded WebApplicationContext
2019-06-25 02:25:02.259  INFO 11200 --- [ost-startStop-1] o.s.web.context.ContextLoader            : Root WebApplicationContext: initialization completed in 436 ms
2019-06-25 02:25:02.332  INFO 11200 --- [ost-startStop-1] o.s.b.w.servlet.ServletRegistrationBean  : Servlet dispatcherServlet mapped to [/]
2019-06-25 02:25:02.332  INFO 11200 --- [ost-startStop-1] o.s.b.w.servlet.FilterRegistrationBean   : Mapping filter: 'characterEncodingFilter' to: [/*]
2019-06-25 02:25:02.332  INFO 11200 --- [ost-startStop-1] o.s.b.w.servlet.FilterRegistrationBean   : Mapping filter: 'hiddenHttpMethodFilter' to: [/*]
2019-06-25 02:25:02.332  INFO 11200 --- [ost-startStop-1] o.s.b.w.servlet.FilterRegistrationBean   : Mapping filter: 'httpPutFormContentFilter' to: [/*]
2019-06-25 02:25:02.332  INFO 11200 --- [ost-startStop-1] o.s.b.w.servlet.FilterRegistrationBean   : Mapping filter: 'requestContextFilter' to: [/*]
2019-06-25 02:25:02.383  INFO 11200 --- [           main] com.zaxxer.hikari.HikariDataSource       : HikariPool-8 - Starting...
2019-06-25 02:25:02.385  INFO 11200 --- [           main] com.zaxxer.hikari.HikariDataSource       : HikariPool-8 - Start completed.
2019-06-25 02:25:02.454  INFO 11200 --- [           main] j.LocalContainerEntityManagerFactoryBean : Building JPA container EntityManagerFactory for persistence unit 'default'
2019-06-25 02:25:02.454  INFO 11200 --- [           main] o.hibernate.jpa.internal.util.LogHelper  : HHH000204: Processing PersistenceUnitInfo [
	name: default
	...]
2019-06-25 02:25:02.479  INFO 11200 --- [           main] org.hibernate.dialect.Dialect            : HHH000400: Using dialect: org.hibernate.dialect.H2Dialect
2019-06-25 02:25:02.528 DEBUG 11200 --- [           main] org.hibernate.SQL                        : drop table employee if exists
2019-06-25 02:25:02.528 DEBUG 11200 --- [           main] org.hibernate.SQL                        : drop table employee_project if exists
2019-06-25 02:25:02.528 DEBUG 11200 --- [           main] org.hibernate.SQL                        : drop table project if exists
2019-06-25 02:25:02.528 DEBUG 11200 --- [           main] org.hibernate.SQL                        : drop table t_class if exists
2019-06-25 02:25:02.528 DEBUG 11200 --- [           main] org.hibernate.SQL                        : drop table t_question if exists
2019-06-25 02:25:02.541 DEBUG 11200 --- [           main] org.hibernate.SQL                        : drop table t_task if exists
2019-06-25 02:25:02.541 DEBUG 11200 --- [           main] org.hibernate.SQL                        : drop table t_task_valiable if exists
2019-06-25 02:25:02.541 DEBUG 11200 --- [           main] org.hibernate.SQL                        : drop table t_task_valiable_answer if exists
2019-06-25 02:25:02.541 DEBUG 11200 --- [           main] org.hibernate.SQL                        : drop table t_user if exists
2019-06-25 02:25:02.541 DEBUG 11200 --- [           main] org.hibernate.SQL                        : drop table t_user_class if exists
2019-06-25 02:25:02.541 DEBUG 11200 --- [           main] org.hibernate.SQL                        : create table employee (employee_id integer not null, first_name varchar(255), last_name varchar(255), primary key (employee_id))
2019-06-25 02:25:02.542 DEBUG 11200 --- [           main] org.hibernate.SQL                        : create table employee_project (employee_id integer not null, project_id integer not null)
2019-06-25 02:25:02.542 DEBUG 11200 --- [           main] org.hibernate.SQL                        : create table project (project_id integer not null, title varchar(255), primary key (project_id))
2019-06-25 02:25:02.543 DEBUG 11200 --- [           main] org.hibernate.SQL                        : create table t_class (id integer generated by default as identity, name varchar(255), primary key (id))
2019-06-25 02:25:02.544 DEBUG 11200 --- [           main] org.hibernate.SQL                        : create table t_question (id integer generated by default as identity, description varchar(255), input_num integer, public_flg boolean not null, title varchar(255), primary key (id))
2019-06-25 02:25:02.545 DEBUG 11200 --- [           main] org.hibernate.SQL                        : create table t_task (id integer generated by default as identity, description varchar(255), language_id varchar(255), question_id integer, self_made_check_code varchar(255), title varchar(255), primary key (id))
2019-06-25 02:25:02.546 DEBUG 11200 --- [           main] org.hibernate.SQL                        : create table t_task_valiable (task_id integer not null, val_number integer not null, date_type varchar(255), primary key (task_id, val_number))
2019-06-25 02:25:02.546 DEBUG 11200 --- [           main] org.hibernate.SQL                        : create table t_task_valiable_answer (task_id integer not null, val_number integer not null, parametor varchar(255), public_flg boolean, primary key (task_id, val_number))
2019-06-25 02:25:02.547 DEBUG 11200 --- [           main] org.hibernate.SQL                        : create table t_user (id varchar(255) not null, name varchar(255), password varchar(255) not null, role_id varchar(3) not null, primary key (id))
2019-06-25 02:25:02.548 DEBUG 11200 --- [           main] org.hibernate.SQL                        : create table t_user_class (class_id integer not null, user_id varchar(255) not null)
2019-06-25 02:25:02.548 DEBUG 11200 --- [           main] org.hibernate.SQL                        : alter table employee_project add constraint FK4yddvnm7283a40plkcti66wv9 foreign key (project_id) references project
2019-06-25 02:25:02.549 DEBUG 11200 --- [           main] org.hibernate.SQL                        : alter table employee_project add constraint FKb25s5hgggo6k4au4sye7teb3a foreign key (employee_id) references employee
2019-06-25 02:25:02.551 DEBUG 11200 --- [           main] org.hibernate.SQL                        : alter table t_task add constraint FK5ce17d1lxfbtk8jcg4js93rr6 foreign key (question_id) references t_question
2019-06-25 02:25:02.552 DEBUG 11200 --- [           main] org.hibernate.SQL                        : alter table t_task_valiable add constraint FK6n6hm5nvxgem4ypsq6beqt0jh foreign key (task_id) references t_task
2019-06-25 02:25:02.553 DEBUG 11200 --- [           main] org.hibernate.SQL                        : alter table t_task_valiable_answer add constraint FK54y8v5a7ijwore959mtlkq44v foreign key (task_id) references t_task
2019-06-25 02:25:02.554 DEBUG 11200 --- [           main] org.hibernate.SQL                        : alter table t_user_class add constraint FKkyn2s946l9bqe2eyec4j6lslg foreign key (user_id) references t_user
2019-06-25 02:25:02.555 DEBUG 11200 --- [           main] org.hibernate.SQL                        : alter table t_user_class add constraint FKq93wm54euun6e584hup5kon7i foreign key (class_id) references t_class
2019-06-25 02:25:02.557  INFO 11200 --- [           main] o.h.t.schema.internal.SchemaCreatorImpl  : HHH000476: Executing import script 'org.hibernate.tool.schema.internal.exec.ScriptSourceInputNonExistentImpl@afde064'
2019-06-25 02:25:02.557  INFO 11200 --- [           main] j.LocalContainerEntityManagerFactoryBean : Initialized JPA EntityManagerFactory for persistence unit 'default'
2019-06-25 02:25:02.712  INFO 11200 --- [           main] o.a.c.c.C.[Tomcat].[localhost].[/]       : Initializing Spring FrameworkServlet ''
2019-06-25 02:25:02.713  INFO 11200 --- [           main] o.s.t.web.servlet.TestDispatcherServlet  : FrameworkServlet '': initialization started
2019-06-25 02:25:02.759  WARN 11200 --- [           main] aWebConfiguration$JpaWebMvcConfiguration : spring.jpa.open-in-view is enabled by default. Therefore, database queries may be performed during view rendering. Explicitly configure spring.jpa.open-in-view to disable this warning
2019-06-25 02:25:02.786  INFO 11200 --- [           main] s.w.s.m.m.a.RequestMappingHandlerMapping : Mapped "{[/login],methods=[GET]}" onto java.lang.String jp.spring.boot.algolearn.controller.LoginController.loginForm()
2019-06-25 02:25:02.787  INFO 11200 --- [           main] s.w.s.m.m.a.RequestMappingHandlerMapping : Mapped "{[/student/learn],methods=[GET]}" onto public java.lang.String jp.spring.boot.algolearn.controller.student.LearnController.learn(org.springframework.ui.Model)
2019-06-25 02:25:02.787  INFO 11200 --- [           main] s.w.s.m.m.a.RequestMappingHandlerMapping : Mapped "{[/student/learn],methods=[POST]}" onto public java.lang.String jp.spring.boot.algolearn.controller.student.LearnController.learnExecute(jp.spring.boot.algolearn.form.LearnForm,org.springframework.ui.Model)
2019-06-25 02:25:02.787  INFO 11200 --- [           main] s.w.s.m.m.a.RequestMappingHandlerMapping : Mapped "{[/teacher/class/add],methods=[GET]}" onto public java.lang.String jp.spring.boot.algolearn.controller.teacher.ClassController.add(org.springframework.ui.Model)
2019-06-25 02:25:02.787  INFO 11200 --- [           main] s.w.s.m.m.a.RequestMappingHandlerMapping : Mapped "{[/teacher/class/delete],methods=[POST]}" onto public java.lang.String jp.spring.boot.algolearn.controller.teacher.ClassController.delete(java.lang.String,org.springframework.ui.Model)
2019-06-25 02:25:02.787  INFO 11200 --- [           main] s.w.s.m.m.a.RequestMappingHandlerMapping : Mapped "{[/teacher/class],methods=[GET]}" onto java.lang.String jp.spring.boot.algolearn.controller.teacher.ClassController.list(jp.spring.boot.algolearn.form.ClassForm,org.springframework.ui.Model)
2019-06-25 02:25:02.787  INFO 11200 --- [           main] s.w.s.m.m.a.RequestMappingHandlerMapping : Mapped "{[/teacher/class/edit],methods=[POST]}" onto public java.lang.String jp.spring.boot.algolearn.controller.teacher.ClassController.edit(java.lang.String,org.springframework.ui.Model)
2019-06-25 02:25:02.787  INFO 11200 --- [           main] s.w.s.m.m.a.RequestMappingHandlerMapping : Mapped "{[/teacher/class/editprocess],methods=[POST]}" onto public java.lang.String jp.spring.boot.algolearn.controller.teacher.ClassController.editProcess(jp.spring.boot.algolearn.form.ClassForm,org.springframework.ui.Model)
2019-06-25 02:25:02.787  INFO 11200 --- [           main] s.w.s.m.m.a.RequestMappingHandlerMapping : Mapped "{[/teacher/class/add],methods=[POST]}" onto public java.lang.String jp.spring.boot.algolearn.controller.teacher.ClassController.addProcess(jp.spring.boot.algolearn.form.ClassForm,org.springframework.validation.BindingResult,org.springframework.ui.Model)
2019-06-25 02:25:02.788  INFO 11200 --- [           main] s.w.s.m.m.a.RequestMappingHandlerMapping : Mapped "{[/teacher/question/add],methods=[GET]}" onto public java.lang.String jp.spring.boot.algolearn.controller.teacher.QuestionController.add(org.springframework.ui.Model)
2019-06-25 02:25:02.788  INFO 11200 --- [           main] s.w.s.m.m.a.RequestMappingHandlerMapping : Mapped "{[/teacher/question/delete],methods=[POST]}" onto public java.lang.String jp.spring.boot.algolearn.controller.teacher.QuestionController.delete(java.lang.String,org.springframework.ui.Model)
2019-06-25 02:25:02.788  INFO 11200 --- [           main] s.w.s.m.m.a.RequestMappingHandlerMapping : Mapped "{[/teacher/question],methods=[GET]}" onto java.lang.String jp.spring.boot.algolearn.controller.teacher.QuestionController.list(org.springframework.ui.Model)
2019-06-25 02:25:02.788  INFO 11200 --- [           main] s.w.s.m.m.a.RequestMappingHandlerMapping : Mapped "{[/teacher/question/edit],methods=[POST]}" onto public java.lang.String jp.spring.boot.algolearn.controller.teacher.QuestionController.edit(java.lang.String,org.springframework.ui.Model)
2019-06-25 02:25:02.788  INFO 11200 --- [           main] s.w.s.m.m.a.RequestMappingHandlerMapping : Mapped "{[/teacher/question/editprocess],methods=[POST]}" onto public java.lang.String jp.spring.boot.algolearn.controller.teacher.QuestionController.editProcess(jp.spring.boot.algolearn.form.QuestionForm,org.springframework.ui.Model)
2019-06-25 02:25:02.788  INFO 11200 --- [           main] s.w.s.m.m.a.RequestMappingHandlerMapping : Mapped "{[/teacher/question/add],methods=[POST]}" onto public java.lang.String jp.spring.boot.algolearn.controller.teacher.QuestionController.addProcess(jp.spring.boot.algolearn.form.QuestionForm,org.springframework.validation.BindingResult,org.springframework.ui.Model)
2019-06-25 02:25:02.789  INFO 11200 --- [           main] s.w.s.m.m.a.RequestMappingHandlerMapping : Mapped "{[/teacher/student/add],methods=[GET]}" onto public java.lang.String jp.spring.boot.algolearn.controller.teacher.StudentController.add(org.springframework.ui.Model)
2019-06-25 02:25:02.789  INFO 11200 --- [           main] s.w.s.m.m.a.RequestMappingHandlerMapping : Mapped "{[/teacher/student/delete],methods=[POST]}" onto public java.lang.String jp.spring.boot.algolearn.controller.teacher.StudentController.delete(java.lang.String,org.springframework.ui.Model)
2019-06-25 02:25:02.789  INFO 11200 --- [           main] s.w.s.m.m.a.RequestMappingHandlerMapping : Mapped "{[/teacher/student],methods=[GET]}" onto java.lang.String jp.spring.boot.algolearn.controller.teacher.StudentController.list(org.springframework.ui.Model)
2019-06-25 02:25:02.789  INFO 11200 --- [           main] s.w.s.m.m.a.RequestMappingHandlerMapping : Mapped "{[/teacher/student/edit],methods=[POST]}" onto public java.lang.String jp.spring.boot.algolearn.controller.teacher.StudentController.edit(java.lang.String,org.springframework.ui.Model)
2019-06-25 02:25:02.789  INFO 11200 --- [           main] s.w.s.m.m.a.RequestMappingHandlerMapping : Mapped "{[/teacher/student/editprocess],methods=[POST]}" onto public java.lang.String jp.spring.boot.algolearn.controller.teacher.StudentController.editProcess(jp.spring.boot.algolearn.form.StudentForm,org.springframework.ui.Model)
2019-06-25 02:25:02.789  INFO 11200 --- [           main] s.w.s.m.m.a.RequestMappingHandlerMapping : Mapped "{[/teacher/student/add],methods=[POST]}" onto public java.lang.String jp.spring.boot.algolearn.controller.teacher.StudentController.addProcess(jp.spring.boot.algolearn.form.StudentForm,org.springframework.validation.BindingResult,org.springframework.ui.Model)
2019-06-25 02:25:02.790  INFO 11200 --- [           main] s.w.s.m.m.a.RequestMappingHandlerMapping : Mapped "{[/teacher/task/add],methods=[GET]}" onto public java.lang.String jp.spring.boot.algolearn.controller.teacher.TaskController.add(org.springframework.ui.Model)
2019-06-25 02:25:02.790  INFO 11200 --- [           main] s.w.s.m.m.a.RequestMappingHandlerMapping : Mapped "{[/teacher/task/delete],methods=[POST]}" onto public java.lang.String jp.spring.boot.algolearn.controller.teacher.TaskController.delete(java.lang.String,org.springframework.ui.Model)
2019-06-25 02:25:02.790  INFO 11200 --- [           main] s.w.s.m.m.a.RequestMappingHandlerMapping : Mapped "{[/teacher/task],methods=[GET]}" onto java.lang.String jp.spring.boot.algolearn.controller.teacher.TaskController.list(org.springframework.ui.Model)
2019-06-25 02:25:02.790  INFO 11200 --- [           main] s.w.s.m.m.a.RequestMappingHandlerMapping : Mapped "{[/teacher/task/edit],methods=[POST]}" onto public java.lang.String jp.spring.boot.algolearn.controller.teacher.TaskController.edit(java.lang.String,org.springframework.ui.Model)
2019-06-25 02:25:02.790  INFO 11200 --- [           main] s.w.s.m.m.a.RequestMappingHandlerMapping : Mapped "{[/teacher/task/editprocess],methods=[POST]}" onto public java.lang.String jp.spring.boot.algolearn.controller.teacher.TaskController.editProcess(jp.spring.boot.algolearn.form.StudentForm,org.springframework.ui.Model)
2019-06-25 02:25:02.790  INFO 11200 --- [           main] s.w.s.m.m.a.RequestMappingHandlerMapping : Mapped "{[/teacher/task/add],methods=[POST]}" onto public java.lang.String jp.spring.boot.algolearn.controller.teacher.TaskController.addProcess(jp.spring.boot.algolearn.form.StudentForm,org.springframework.validation.BindingResult,org.springframework.ui.Model)
2019-06-25 02:25:02.792  INFO 11200 --- [           main] s.w.s.m.m.a.RequestMappingHandlerMapping : Mapped "{[/error]}" onto public org.springframework.http.ResponseEntity<java.util.Map<java.lang.String, java.lang.Object>> org.springframework.boot.autoconfigure.web.servlet.error.BasicErrorController.error(javax.servlet.http.HttpServletRequest)
2019-06-25 02:25:02.792  INFO 11200 --- [           main] s.w.s.m.m.a.RequestMappingHandlerMapping : Mapped "{[/error],produces=[text/html]}" onto public org.springframework.web.servlet.ModelAndView org.springframework.boot.autoconfigure.web.servlet.error.BasicErrorController.errorHtml(javax.servlet.http.HttpServletRequest,javax.servlet.http.HttpServletResponse)
2019-06-25 02:25:02.827  INFO 11200 --- [           main] o.s.w.s.handler.SimpleUrlHandlerMapping  : Mapped URL path [/webjars/**] onto handler of type [class org.springframework.web.servlet.resource.ResourceHttpRequestHandler]
2019-06-25 02:25:02.828  INFO 11200 --- [           main] o.s.w.s.handler.SimpleUrlHandlerMapping  : Mapped URL path [/**] onto handler of type [class org.springframework.web.servlet.resource.ResourceHttpRequestHandler]
2019-06-25 02:25:02.845  INFO 11200 --- [           main] o.s.w.s.handler.SimpleUrlHandlerMapping  : Mapped URL path [/**/favicon.ico] onto handler of type [class org.springframework.web.servlet.resource.ResourceHttpRequestHandler]
2019-06-25 02:25:03.003  INFO 11200 --- [           main] s.w.s.m.m.a.RequestMappingHandlerAdapter : Looking for @ControllerAdvice: org.springframework.boot.web.servlet.context.AnnotationConfigServletWebServerApplicationContext@70edffdb: startup date [Tue Jun 25 02:25:01 JST 2019]; root of context hierarchy
2019-06-25 02:25:03.084  INFO 11200 --- [           main] o.s.t.web.servlet.TestDispatcherServlet  : FrameworkServlet '': initialization completed in 371 ms
2019-06-25 02:25:03.259  INFO 11200 --- [           main] o.s.b.w.embedded.tomcat.TomcatWebServer  : Tomcat started on port(s): 54796 (http) with context path ''
2019-06-25 02:25:03.260  INFO 11200 --- [           main] j.s.b.a.c.teacher.StudentControllerTest  : Started StudentControllerTest in 1.499 seconds (JVM running for 23.435)
2019-06-25 02:25:03.267  INFO 11200 --- [           main] o.a.c.c.C.[Tomcat].[localhost].[/]       : Initializing Spring FrameworkServlet ''
2019-06-25 02:25:03.267  INFO 11200 --- [           main] o.s.t.web.servlet.TestDispatcherServlet  : FrameworkServlet '': initialization started
2019-06-25 02:25:03.269  INFO 11200 --- [           main] o.s.t.web.servlet.TestDispatcherServlet  : FrameworkServlet '': initialization completed in 2 ms
]]></system-out>
  </testcase>
  <testcase name="先生用学生登録処理" classname="jp.spring.boot.algolearn.controller.teacher.StudentControllerTest" time="1.644">
    <error message="Request processing failed; nested exception is org.springframework.orm.jpa.JpaSystemException: ids for this class must be manually assigned before calling save(): jp.spring.boot.algolearn.bean.UserBean; nested exception is org.hibernate.id.IdentifierGenerationException: ids for this class must be manually assigned before calling save(): jp.spring.boot.algolearn.bean.UserBean" type="org.springframework.web.util.NestedServletException">org.springframework.web.util.NestedServletException: Request processing failed; nested exception is org.springframework.orm.jpa.JpaSystemException: ids for this class must be manually assigned before calling save(): jp.spring.boot.algolearn.bean.UserBean; nested exception is org.hibernate.id.IdentifierGenerationException: ids for this class must be manually assigned before calling save(): jp.spring.boot.algolearn.bean.UserBean
	at jp.spring.boot.algolearn.controller.teacher.StudentControllerTest.先生用学生登録処理(StudentControllerTest.java:140)
Caused by: org.springframework.orm.jpa.JpaSystemException: ids for this class must be manually assigned before calling save(): jp.spring.boot.algolearn.bean.UserBean; nested exception is org.hibernate.id.IdentifierGenerationException: ids for this class must be manually assigned before calling save(): jp.spring.boot.algolearn.bean.UserBean
	at jp.spring.boot.algolearn.controller.teacher.StudentControllerTest.先生用学生登録処理(StudentControllerTest.java:140)
Caused by: org.hibernate.id.IdentifierGenerationException: ids for this class must be manually assigned before calling save(): jp.spring.boot.algolearn.bean.UserBean
	at jp.spring.boot.algolearn.controller.teacher.StudentControllerTest.先生用学生登録処理(StudentControllerTest.java:140)
</error>
    <system-out><![CDATA[2019-06-25 02:25:03.278  INFO 11200 --- [           main] ConfigServletWebServerApplicationContext : Closing org.springframework.boot.web.servlet.context.AnnotationConfigServletWebServerApplicationContext@70edffdb: startup date [Tue Jun 25 02:25:01 JST 2019]; root of context hierarchy
2019-06-25 02:25:03.279  INFO 11200 --- [           main] j.LocalContainerEntityManagerFactoryBean : Closing JPA EntityManagerFactory for persistence unit 'default'
2019-06-25 02:25:03.280  INFO 11200 --- [           main] .SchemaDropperImpl$DelayedDropActionImpl : HHH000477: Starting delayed drop of schema as part of SessionFactory shut-down'
2019-06-25 02:25:03.280 DEBUG 11200 --- [           main] org.hibernate.SQL                        : drop table employee if exists
2019-06-25 02:25:03.281 DEBUG 11200 --- [           main] org.hibernate.SQL                        : drop table employee_project if exists
2019-06-25 02:25:03.282 DEBUG 11200 --- [           main] org.hibernate.SQL                        : drop table project if exists
2019-06-25 02:25:03.282 DEBUG 11200 --- [           main] org.hibernate.SQL                        : drop table t_class if exists
2019-06-25 02:25:03.283 DEBUG 11200 --- [           main] org.hibernate.SQL                        : drop table t_question if exists
2019-06-25 02:25:03.283 DEBUG 11200 --- [           main] org.hibernate.SQL                        : drop table t_task if exists
2019-06-25 02:25:03.284 DEBUG 11200 --- [           main] org.hibernate.SQL                        : drop table t_task_valiable if exists
2019-06-25 02:25:03.284 DEBUG 11200 --- [           main] org.hibernate.SQL                        : drop table t_task_valiable_answer if exists
2019-06-25 02:25:03.284 DEBUG 11200 --- [           main] org.hibernate.SQL                        : drop table t_user if exists
2019-06-25 02:25:03.285 DEBUG 11200 --- [           main] org.hibernate.SQL                        : drop table t_user_class if exists
2019-06-25 02:25:03.285  INFO 11200 --- [           main] com.zaxxer.hikari.HikariDataSource       : HikariPool-8 - Shutdown initiated...
2019-06-25 02:25:03.288  INFO 11200 --- [           main] com.zaxxer.hikari.HikariDataSource       : HikariPool-8 - Shutdown completed.

  .   ____          _            __ _ _
 /\\ / ___'_ __ _ _(_)_ __  __ _ \ \ \ \
( ( )\___ | '_ | '_| | '_ \/ _` | \ \ \ \
 \\/  ___)| |_)| | | | | || (_| |  ) ) ) )
  '  |____| .__|_| |_|_| |_\__, | / / / /
 =========|_|==============|___/=/_/_/_/
 :: Spring Boot ::        (v2.0.0.RELEASE)

2019-06-25 02:25:03.634  INFO 11200 --- [           main] j.s.b.a.c.teacher.StudentControllerTest  : Starting StudentControllerTest on MyComputer with PID 11200 (started by user01-m in F:\dev\workspace_sts\algolearn_20190622)
2019-06-25 02:25:03.634  INFO 11200 --- [           main] j.s.b.a.c.teacher.StudentControllerTest  : The following profiles are active: test
2019-06-25 02:25:03.634  INFO 11200 --- [           main] ConfigServletWebServerApplicationContext : Refreshing org.springframework.boot.web.servlet.context.AnnotationConfigServletWebServerApplicationContext@2033fd39: startup date [Tue Jun 25 02:25:03 JST 2019]; root of context hierarchy
2019-06-25 02:25:04.006  INFO 11200 --- [           main] trationDelegate$BeanPostProcessorChecker : Bean 'org.springframework.transaction.annotation.ProxyTransactionManagementConfiguration' of type [org.springframework.transaction.annotation.ProxyTransactionManagementConfiguration$$EnhancerBySpringCGLIB$$31723b68] is not eligible for getting processed by all BeanPostProcessors (for example: not eligible for auto-proxying)
2019-06-25 02:25:04.062  INFO 11200 --- [           main] o.s.b.w.embedded.tomcat.TomcatWebServer  : Tomcat initialized with port(s): 0 (http)
2019-06-25 02:25:04.062  INFO 11200 --- [           main] o.apache.catalina.core.StandardService   : Starting service [Tomcat]
2019-06-25 02:25:04.062  INFO 11200 --- [           main] org.apache.catalina.core.StandardEngine  : Starting Servlet Engine: Apache Tomcat/8.5.28
2019-06-25 02:25:04.073  INFO 11200 --- [ost-startStop-1] o.a.c.c.C.[Tomcat].[localhost].[/]       : Initializing Spring embedded WebApplicationContext
2019-06-25 02:25:04.073  INFO 11200 --- [ost-startStop-1] o.s.web.context.ContextLoader            : Root WebApplicationContext: initialization completed in 439 ms
2019-06-25 02:25:04.163  INFO 11200 --- [ost-startStop-1] o.s.b.w.servlet.ServletRegistrationBean  : Servlet dispatcherServlet mapped to [/]
2019-06-25 02:25:04.163  INFO 11200 --- [ost-startStop-1] o.s.b.w.servlet.FilterRegistrationBean   : Mapping filter: 'characterEncodingFilter' to: [/*]
2019-06-25 02:25:04.163  INFO 11200 --- [ost-startStop-1] o.s.b.w.servlet.FilterRegistrationBean   : Mapping filter: 'hiddenHttpMethodFilter' to: [/*]
2019-06-25 02:25:04.163  INFO 11200 --- [ost-startStop-1] o.s.b.w.servlet.FilterRegistrationBean   : Mapping filter: 'httpPutFormContentFilter' to: [/*]
2019-06-25 02:25:04.163  INFO 11200 --- [ost-startStop-1] o.s.b.w.servlet.FilterRegistrationBean   : Mapping filter: 'requestContextFilter' to: [/*]
2019-06-25 02:25:04.219  INFO 11200 --- [           main] com.zaxxer.hikari.HikariDataSource       : HikariPool-9 - Starting...
2019-06-25 02:25:04.221  INFO 11200 --- [           main] com.zaxxer.hikari.HikariDataSource       : HikariPool-9 - Start completed.
2019-06-25 02:25:04.283  INFO 11200 --- [           main] j.LocalContainerEntityManagerFactoryBean : Building JPA container EntityManagerFactory for persistence unit 'default'
2019-06-25 02:25:04.283  INFO 11200 --- [           main] o.hibernate.jpa.internal.util.LogHelper  : HHH000204: Processing PersistenceUnitInfo [
	name: default
	...]
2019-06-25 02:25:04.307  INFO 11200 --- [           main] org.hibernate.dialect.Dialect            : HHH000400: Using dialect: org.hibernate.dialect.H2Dialect
2019-06-25 02:25:04.353 DEBUG 11200 --- [           main] org.hibernate.SQL                        : drop table employee if exists
2019-06-25 02:25:04.353 DEBUG 11200 --- [           main] org.hibernate.SQL                        : drop table employee_project if exists
2019-06-25 02:25:04.353 DEBUG 11200 --- [           main] org.hibernate.SQL                        : drop table project if exists
2019-06-25 02:25:04.353 DEBUG 11200 --- [           main] org.hibernate.SQL                        : drop table t_class if exists
2019-06-25 02:25:04.353 DEBUG 11200 --- [           main] org.hibernate.SQL                        : drop table t_question if exists
2019-06-25 02:25:04.353 DEBUG 11200 --- [           main] org.hibernate.SQL                        : drop table t_task if exists
2019-06-25 02:25:04.353 DEBUG 11200 --- [           main] org.hibernate.SQL                        : drop table t_task_valiable if exists
2019-06-25 02:25:04.353 DEBUG 11200 --- [           main] org.hibernate.SQL                        : drop table t_task_valiable_answer if exists
2019-06-25 02:25:04.353 DEBUG 11200 --- [           main] org.hibernate.SQL                        : drop table t_user if exists
2019-06-25 02:25:04.353 DEBUG 11200 --- [           main] org.hibernate.SQL                        : drop table t_user_class if exists
2019-06-25 02:25:04.353 DEBUG 11200 --- [           main] org.hibernate.SQL                        : create table employee (employee_id integer not null, first_name varchar(255), last_name varchar(255), primary key (employee_id))
2019-06-25 02:25:04.353 DEBUG 11200 --- [           main] org.hibernate.SQL                        : create table employee_project (employee_id integer not null, project_id integer not null)
2019-06-25 02:25:04.353 DEBUG 11200 --- [           main] org.hibernate.SQL                        : create table project (project_id integer not null, title varchar(255), primary key (project_id))
2019-06-25 02:25:04.353 DEBUG 11200 --- [           main] org.hibernate.SQL                        : create table t_class (id integer generated by default as identity, name varchar(255), primary key (id))
2019-06-25 02:25:04.363 DEBUG 11200 --- [           main] org.hibernate.SQL                        : create table t_question (id integer generated by default as identity, description varchar(255), input_num integer, public_flg boolean not null, title varchar(255), primary key (id))
2019-06-25 02:25:04.363 DEBUG 11200 --- [           main] org.hibernate.SQL                        : create table t_task (id integer generated by default as identity, description varchar(255), language_id varchar(255), question_id integer, self_made_check_code varchar(255), title varchar(255), primary key (id))
2019-06-25 02:25:04.363 DEBUG 11200 --- [           main] org.hibernate.SQL                        : create table t_task_valiable (task_id integer not null, val_number integer not null, date_type varchar(255), primary key (task_id, val_number))
2019-06-25 02:25:04.363 DEBUG 11200 --- [           main] org.hibernate.SQL                        : create table t_task_valiable_answer (task_id integer not null, val_number integer not null, parametor varchar(255), public_flg boolean, primary key (task_id, val_number))
2019-06-25 02:25:04.363 DEBUG 11200 --- [           main] org.hibernate.SQL                        : create table t_user (id varchar(255) not null, name varchar(255), password varchar(255) not null, role_id varchar(3) not null, primary key (id))
2019-06-25 02:25:04.363 DEBUG 11200 --- [           main] org.hibernate.SQL                        : create table t_user_class (class_id integer not null, user_id varchar(255) not null)
2019-06-25 02:25:04.363 DEBUG 11200 --- [           main] org.hibernate.SQL                        : alter table employee_project add constraint FK4yddvnm7283a40plkcti66wv9 foreign key (project_id) references project
2019-06-25 02:25:04.363 DEBUG 11200 --- [           main] org.hibernate.SQL                        : alter table employee_project add constraint FKb25s5hgggo6k4au4sye7teb3a foreign key (employee_id) references employee
2019-06-25 02:25:04.367 DEBUG 11200 --- [           main] org.hibernate.SQL                        : alter table t_task add constraint FK5ce17d1lxfbtk8jcg4js93rr6 foreign key (question_id) references t_question
2019-06-25 02:25:04.367 DEBUG 11200 --- [           main] org.hibernate.SQL                        : alter table t_task_valiable add constraint FK6n6hm5nvxgem4ypsq6beqt0jh foreign key (task_id) references t_task
2019-06-25 02:25:04.367 DEBUG 11200 --- [           main] org.hibernate.SQL                        : alter table t_task_valiable_answer add constraint FK54y8v5a7ijwore959mtlkq44v foreign key (task_id) references t_task
2019-06-25 02:25:04.367 DEBUG 11200 --- [           main] org.hibernate.SQL                        : alter table t_user_class add constraint FKkyn2s946l9bqe2eyec4j6lslg foreign key (user_id) references t_user
2019-06-25 02:25:04.367 DEBUG 11200 --- [           main] org.hibernate.SQL                        : alter table t_user_class add constraint FKq93wm54euun6e584hup5kon7i foreign key (class_id) references t_class
2019-06-25 02:25:04.367  INFO 11200 --- [           main] o.h.t.schema.internal.SchemaCreatorImpl  : HHH000476: Executing import script 'org.hibernate.tool.schema.internal.exec.ScriptSourceInputNonExistentImpl@afde064'
2019-06-25 02:25:04.367  INFO 11200 --- [           main] j.LocalContainerEntityManagerFactoryBean : Initialized JPA EntityManagerFactory for persistence unit 'default'
2019-06-25 02:25:04.457  INFO 11200 --- [           main] o.a.c.c.C.[Tomcat].[localhost].[/]       : Initializing Spring FrameworkServlet ''
2019-06-25 02:25:04.457  INFO 11200 --- [           main] o.s.t.web.servlet.TestDispatcherServlet  : FrameworkServlet '': initialization started
2019-06-25 02:25:04.483  WARN 11200 --- [           main] aWebConfiguration$JpaWebMvcConfiguration : spring.jpa.open-in-view is enabled by default. Therefore, database queries may be performed during view rendering. Explicitly configure spring.jpa.open-in-view to disable this warning
2019-06-25 02:25:04.503  INFO 11200 --- [           main] s.w.s.m.m.a.RequestMappingHandlerMapping : Mapped "{[/login],methods=[GET]}" onto java.lang.String jp.spring.boot.algolearn.controller.LoginController.loginForm()
2019-06-25 02:25:04.503  INFO 11200 --- [           main] s.w.s.m.m.a.RequestMappingHandlerMapping : Mapped "{[/student/learn],methods=[GET]}" onto public java.lang.String jp.spring.boot.algolearn.controller.student.LearnController.learn(org.springframework.ui.Model)
2019-06-25 02:25:04.503  INFO 11200 --- [           main] s.w.s.m.m.a.RequestMappingHandlerMapping : Mapped "{[/student/learn],methods=[POST]}" onto public java.lang.String jp.spring.boot.algolearn.controller.student.LearnController.learnExecute(jp.spring.boot.algolearn.form.LearnForm,org.springframework.ui.Model)
2019-06-25 02:25:04.503  INFO 11200 --- [           main] s.w.s.m.m.a.RequestMappingHandlerMapping : Mapped "{[/teacher/class/add],methods=[GET]}" onto public java.lang.String jp.spring.boot.algolearn.controller.teacher.ClassController.add(org.springframework.ui.Model)
2019-06-25 02:25:04.503  INFO 11200 --- [           main] s.w.s.m.m.a.RequestMappingHandlerMapping : Mapped "{[/teacher/class/delete],methods=[POST]}" onto public java.lang.String jp.spring.boot.algolearn.controller.teacher.ClassController.delete(java.lang.String,org.springframework.ui.Model)
2019-06-25 02:25:04.503  INFO 11200 --- [           main] s.w.s.m.m.a.RequestMappingHandlerMapping : Mapped "{[/teacher/class],methods=[GET]}" onto java.lang.String jp.spring.boot.algolearn.controller.teacher.ClassController.list(jp.spring.boot.algolearn.form.ClassForm,org.springframework.ui.Model)
2019-06-25 02:25:04.503  INFO 11200 --- [           main] s.w.s.m.m.a.RequestMappingHandlerMapping : Mapped "{[/teacher/class/edit],methods=[POST]}" onto public java.lang.String jp.spring.boot.algolearn.controller.teacher.ClassController.edit(java.lang.String,org.springframework.ui.Model)
2019-06-25 02:25:04.503  INFO 11200 --- [           main] s.w.s.m.m.a.RequestMappingHandlerMapping : Mapped "{[/teacher/class/editprocess],methods=[POST]}" onto public java.lang.String jp.spring.boot.algolearn.controller.teacher.ClassController.editProcess(jp.spring.boot.algolearn.form.ClassForm,org.springframework.ui.Model)
2019-06-25 02:25:04.503  INFO 11200 --- [           main] s.w.s.m.m.a.RequestMappingHandlerMapping : Mapped "{[/teacher/class/add],methods=[POST]}" onto public java.lang.String jp.spring.boot.algolearn.controller.teacher.ClassController.addProcess(jp.spring.boot.algolearn.form.ClassForm,org.springframework.validation.BindingResult,org.springframework.ui.Model)
2019-06-25 02:25:04.513  INFO 11200 --- [           main] s.w.s.m.m.a.RequestMappingHandlerMapping : Mapped "{[/teacher/question/add],methods=[GET]}" onto public java.lang.String jp.spring.boot.algolearn.controller.teacher.QuestionController.add(org.springframework.ui.Model)
2019-06-25 02:25:04.513  INFO 11200 --- [           main] s.w.s.m.m.a.RequestMappingHandlerMapping : Mapped "{[/teacher/question/delete],methods=[POST]}" onto public java.lang.String jp.spring.boot.algolearn.controller.teacher.QuestionController.delete(java.lang.String,org.springframework.ui.Model)
2019-06-25 02:25:04.513  INFO 11200 --- [           main] s.w.s.m.m.a.RequestMappingHandlerMapping : Mapped "{[/teacher/question],methods=[GET]}" onto java.lang.String jp.spring.boot.algolearn.controller.teacher.QuestionController.list(org.springframework.ui.Model)
2019-06-25 02:25:04.513  INFO 11200 --- [           main] s.w.s.m.m.a.RequestMappingHandlerMapping : Mapped "{[/teacher/question/edit],methods=[POST]}" onto public java.lang.String jp.spring.boot.algolearn.controller.teacher.QuestionController.edit(java.lang.String,org.springframework.ui.Model)
2019-06-25 02:25:04.513  INFO 11200 --- [           main] s.w.s.m.m.a.RequestMappingHandlerMapping : Mapped "{[/teacher/question/editprocess],methods=[POST]}" onto public java.lang.String jp.spring.boot.algolearn.controller.teacher.QuestionController.editProcess(jp.spring.boot.algolearn.form.QuestionForm,org.springframework.ui.Model)
2019-06-25 02:25:04.513  INFO 11200 --- [           main] s.w.s.m.m.a.RequestMappingHandlerMapping : Mapped "{[/teacher/question/add],methods=[POST]}" onto public java.lang.String jp.spring.boot.algolearn.controller.teacher.QuestionController.addProcess(jp.spring.boot.algolearn.form.QuestionForm,org.springframework.validation.BindingResult,org.springframework.ui.Model)
2019-06-25 02:25:04.513  INFO 11200 --- [           main] s.w.s.m.m.a.RequestMappingHandlerMapping : Mapped "{[/teacher/student/add],methods=[GET]}" onto public java.lang.String jp.spring.boot.algolearn.controller.teacher.StudentController.add(org.springframework.ui.Model)
2019-06-25 02:25:04.513  INFO 11200 --- [           main] s.w.s.m.m.a.RequestMappingHandlerMapping : Mapped "{[/teacher/student/delete],methods=[POST]}" onto public java.lang.String jp.spring.boot.algolearn.controller.teacher.StudentController.delete(java.lang.String,org.springframework.ui.Model)
2019-06-25 02:25:04.513  INFO 11200 --- [           main] s.w.s.m.m.a.RequestMappingHandlerMapping : Mapped "{[/teacher/student],methods=[GET]}" onto java.lang.String jp.spring.boot.algolearn.controller.teacher.StudentController.list(org.springframework.ui.Model)
2019-06-25 02:25:04.513  INFO 11200 --- [           main] s.w.s.m.m.a.RequestMappingHandlerMapping : Mapped "{[/teacher/student/edit],methods=[POST]}" onto public java.lang.String jp.spring.boot.algolearn.controller.teacher.StudentController.edit(java.lang.String,org.springframework.ui.Model)
2019-06-25 02:25:04.513  INFO 11200 --- [           main] s.w.s.m.m.a.RequestMappingHandlerMapping : Mapped "{[/teacher/student/editprocess],methods=[POST]}" onto public java.lang.String jp.spring.boot.algolearn.controller.teacher.StudentController.editProcess(jp.spring.boot.algolearn.form.StudentForm,org.springframework.ui.Model)
2019-06-25 02:25:04.513  INFO 11200 --- [           main] s.w.s.m.m.a.RequestMappingHandlerMapping : Mapped "{[/teacher/student/add],methods=[POST]}" onto public java.lang.String jp.spring.boot.algolearn.controller.teacher.StudentController.addProcess(jp.spring.boot.algolearn.form.StudentForm,org.springframework.validation.BindingResult,org.springframework.ui.Model)
2019-06-25 02:25:04.513  INFO 11200 --- [           main] s.w.s.m.m.a.RequestMappingHandlerMapping : Mapped "{[/teacher/task/add],methods=[GET]}" onto public java.lang.String jp.spring.boot.algolearn.controller.teacher.TaskController.add(org.springframework.ui.Model)
2019-06-25 02:25:04.513  INFO 11200 --- [           main] s.w.s.m.m.a.RequestMappingHandlerMapping : Mapped "{[/teacher/task/delete],methods=[POST]}" onto public java.lang.String jp.spring.boot.algolearn.controller.teacher.TaskController.delete(java.lang.String,org.springframework.ui.Model)
2019-06-25 02:25:04.513  INFO 11200 --- [           main] s.w.s.m.m.a.RequestMappingHandlerMapping : Mapped "{[/teacher/task],methods=[GET]}" onto java.lang.String jp.spring.boot.algolearn.controller.teacher.TaskController.list(org.springframework.ui.Model)
2019-06-25 02:25:04.513  INFO 11200 --- [           main] s.w.s.m.m.a.RequestMappingHandlerMapping : Mapped "{[/teacher/task/edit],methods=[POST]}" onto public java.lang.String jp.spring.boot.algolearn.controller.teacher.TaskController.edit(java.lang.String,org.springframework.ui.Model)
2019-06-25 02:25:04.513  INFO 11200 --- [           main] s.w.s.m.m.a.RequestMappingHandlerMapping : Mapped "{[/teacher/task/editprocess],methods=[POST]}" onto public java.lang.String jp.spring.boot.algolearn.controller.teacher.TaskController.editProcess(jp.spring.boot.algolearn.form.StudentForm,org.springframework.ui.Model)
2019-06-25 02:25:04.513  INFO 11200 --- [           main] s.w.s.m.m.a.RequestMappingHandlerMapping : Mapped "{[/teacher/task/add],methods=[POST]}" onto public java.lang.String jp.spring.boot.algolearn.controller.teacher.TaskController.addProcess(jp.spring.boot.algolearn.form.StudentForm,org.springframework.validation.BindingResult,org.springframework.ui.Model)
2019-06-25 02:25:04.515  INFO 11200 --- [           main] s.w.s.m.m.a.RequestMappingHandlerMapping : Mapped "{[/error]}" onto public org.springframework.http.ResponseEntity<java.util.Map<java.lang.String, java.lang.Object>> org.springframework.boot.autoconfigure.web.servlet.error.BasicErrorController.error(javax.servlet.http.HttpServletRequest)
2019-06-25 02:25:04.515  INFO 11200 --- [           main] s.w.s.m.m.a.RequestMappingHandlerMapping : Mapped "{[/error],produces=[text/html]}" onto public org.springframework.web.servlet.ModelAndView org.springframework.boot.autoconfigure.web.servlet.error.BasicErrorController.errorHtml(javax.servlet.http.HttpServletRequest,javax.servlet.http.HttpServletResponse)
2019-06-25 02:25:04.535  INFO 11200 --- [           main] o.s.w.s.handler.SimpleUrlHandlerMapping  : Mapped URL path [/webjars/**] onto handler of type [class org.springframework.web.servlet.resource.ResourceHttpRequestHandler]
2019-06-25 02:25:04.535  INFO 11200 --- [           main] o.s.w.s.handler.SimpleUrlHandlerMapping  : Mapped URL path [/**] onto handler of type [class org.springframework.web.servlet.resource.ResourceHttpRequestHandler]
2019-06-25 02:25:04.553  INFO 11200 --- [           main] o.s.w.s.handler.SimpleUrlHandlerMapping  : Mapped URL path [/**/favicon.ico] onto handler of type [class org.springframework.web.servlet.resource.ResourceHttpRequestHandler]
2019-06-25 02:25:04.653  INFO 11200 --- [           main] s.w.s.m.m.a.RequestMappingHandlerAdapter : Looking for @ControllerAdvice: org.springframework.boot.web.servlet.context.AnnotationConfigServletWebServerApplicationContext@2033fd39: startup date [Tue Jun 25 02:25:03 JST 2019]; root of context hierarchy
2019-06-25 02:25:04.745  INFO 11200 --- [           main] o.s.t.web.servlet.TestDispatcherServlet  : FrameworkServlet '': initialization completed in 288 ms
2019-06-25 02:25:04.903  INFO 11200 --- [           main] o.s.b.w.embedded.tomcat.TomcatWebServer  : Tomcat started on port(s): 54804 (http) with context path ''
2019-06-25 02:25:04.903  INFO 11200 --- [           main] j.s.b.a.c.teacher.StudentControllerTest  : Started StudentControllerTest in 1.32 seconds (JVM running for 25.081)
2019-06-25 02:25:04.903  INFO 11200 --- [           main] o.a.c.c.C.[Tomcat].[localhost].[/]       : Initializing Spring FrameworkServlet ''
2019-06-25 02:25:04.903  INFO 11200 --- [           main] o.s.t.web.servlet.TestDispatcherServlet  : FrameworkServlet '': initialization started
2019-06-25 02:25:04.913  INFO 11200 --- [           main] o.s.t.web.servlet.TestDispatcherServlet  : FrameworkServlet '': initialization completed in 10 ms
]]></system-out>
  </testcase>
  <testcase name="先生用学生編集ページ表示" classname="jp.spring.boot.algolearn.controller.teacher.StudentControllerTest" time="1.514">
    <error message="org.h2.jdbc.JdbcSQLException: 列 &quot;USER_ID&quot; が見つかりません&#10;Column &quot;USER_ID&quot; not found; SQL statement:&#10;insert into t_user (user_id, password, name, role_id) values (?, ?, ?, ?) [42122-196]" type="com.ninja_squad.dbsetup.DbSetupRuntimeException">com.ninja_squad.dbsetup.DbSetupRuntimeException: 
org.h2.jdbc.JdbcSQLException: 列 "USER_ID" が見つかりません
Column "USER_ID" not found; SQL statement:
insert into t_user (user_id, password, name, role_id) values (?, ?, ?, ?) [42122-196]
	at jp.spring.boot.algolearn.controller.teacher.StudentControllerTest.先生用学生編集ページ表示(StudentControllerTest.java:163)
Caused by: org.h2.jdbc.JdbcSQLException: 
列 "USER_ID" が見つかりません
Column "USER_ID" not found; SQL statement:
insert into t_user (user_id, password, name, role_id) values (?, ?, ?, ?) [42122-196]
	at jp.spring.boot.algolearn.controller.teacher.StudentControllerTest.先生用学生編集ページ表示(StudentControllerTest.java:163)
</error>
    <system-out><![CDATA[2019-06-25 02:25:04.922  INFO 11200 --- [           main] ConfigServletWebServerApplicationContext : Closing org.springframework.boot.web.servlet.context.AnnotationConfigServletWebServerApplicationContext@2033fd39: startup date [Tue Jun 25 02:25:03 JST 2019]; root of context hierarchy
2019-06-25 02:25:04.922  INFO 11200 --- [           main] j.LocalContainerEntityManagerFactoryBean : Closing JPA EntityManagerFactory for persistence unit 'default'
2019-06-25 02:25:04.922  INFO 11200 --- [           main] .SchemaDropperImpl$DelayedDropActionImpl : HHH000477: Starting delayed drop of schema as part of SessionFactory shut-down'
2019-06-25 02:25:04.922 DEBUG 11200 --- [           main] org.hibernate.SQL                        : drop table employee if exists
2019-06-25 02:25:04.922 DEBUG 11200 --- [           main] org.hibernate.SQL                        : drop table employee_project if exists
2019-06-25 02:25:04.922 DEBUG 11200 --- [           main] org.hibernate.SQL                        : drop table project if exists
2019-06-25 02:25:04.922 DEBUG 11200 --- [           main] org.hibernate.SQL                        : drop table t_class if exists
2019-06-25 02:25:04.922 DEBUG 11200 --- [           main] org.hibernate.SQL                        : drop table t_question if exists
2019-06-25 02:25:04.922 DEBUG 11200 --- [           main] org.hibernate.SQL                        : drop table t_task if exists
2019-06-25 02:25:04.922 DEBUG 11200 --- [           main] org.hibernate.SQL                        : drop table t_task_valiable if exists
2019-06-25 02:25:04.922 DEBUG 11200 --- [           main] org.hibernate.SQL                        : drop table t_task_valiable_answer if exists
2019-06-25 02:25:04.922 DEBUG 11200 --- [           main] org.hibernate.SQL                        : drop table t_user if exists
2019-06-25 02:25:04.922 DEBUG 11200 --- [           main] org.hibernate.SQL                        : drop table t_user_class if exists
2019-06-25 02:25:04.933  INFO 11200 --- [           main] com.zaxxer.hikari.HikariDataSource       : HikariPool-9 - Shutdown initiated...
2019-06-25 02:25:04.933  INFO 11200 --- [           main] com.zaxxer.hikari.HikariDataSource       : HikariPool-9 - Shutdown completed.

  .   ____          _            __ _ _
 /\\ / ___'_ __ _ _(_)_ __  __ _ \ \ \ \
( ( )\___ | '_ | '_| | '_ \/ _` | \ \ \ \
 \\/  ___)| |_)| | | | | || (_| |  ) ) ) )
  '  |____| .__|_| |_|_| |_\__, | / / / /
 =========|_|==============|___/=/_/_/_/
 :: Spring Boot ::        (v2.0.0.RELEASE)

2019-06-25 02:25:05.283  INFO 11200 --- [           main] j.s.b.a.c.teacher.StudentControllerTest  : Starting StudentControllerTest on MyComputer with PID 11200 (started by user01-m in F:\dev\workspace_sts\algolearn_20190622)
2019-06-25 02:25:05.283  INFO 11200 --- [           main] j.s.b.a.c.teacher.StudentControllerTest  : The following profiles are active: test
2019-06-25 02:25:05.283  INFO 11200 --- [           main] ConfigServletWebServerApplicationContext : Refreshing org.springframework.boot.web.servlet.context.AnnotationConfigServletWebServerApplicationContext@6d548d27: startup date [Tue Jun 25 02:25:05 JST 2019]; root of context hierarchy
2019-06-25 02:25:05.603  INFO 11200 --- [           main] trationDelegate$BeanPostProcessorChecker : Bean 'org.springframework.transaction.annotation.ProxyTransactionManagementConfiguration' of type [org.springframework.transaction.annotation.ProxyTransactionManagementConfiguration$$EnhancerBySpringCGLIB$$31723b68] is not eligible for getting processed by all BeanPostProcessors (for example: not eligible for auto-proxying)
2019-06-25 02:25:05.653  INFO 11200 --- [           main] o.s.b.w.embedded.tomcat.TomcatWebServer  : Tomcat initialized with port(s): 0 (http)
2019-06-25 02:25:05.657  INFO 11200 --- [           main] o.apache.catalina.core.StandardService   : Starting service [Tomcat]
2019-06-25 02:25:05.657  INFO 11200 --- [           main] org.apache.catalina.core.StandardEngine  : Starting Servlet Engine: Apache Tomcat/8.5.28
2019-06-25 02:25:05.663  INFO 11200 --- [ost-startStop-1] o.a.c.c.C.[Tomcat].[localhost].[/]       : Initializing Spring embedded WebApplicationContext
2019-06-25 02:25:05.663  INFO 11200 --- [ost-startStop-1] o.s.web.context.ContextLoader            : Root WebApplicationContext: initialization completed in 380 ms
2019-06-25 02:25:05.727  INFO 11200 --- [ost-startStop-1] o.s.b.w.servlet.ServletRegistrationBean  : Servlet dispatcherServlet mapped to [/]
2019-06-25 02:25:05.727  INFO 11200 --- [ost-startStop-1] o.s.b.w.servlet.FilterRegistrationBean   : Mapping filter: 'characterEncodingFilter' to: [/*]
2019-06-25 02:25:05.727  INFO 11200 --- [ost-startStop-1] o.s.b.w.servlet.FilterRegistrationBean   : Mapping filter: 'hiddenHttpMethodFilter' to: [/*]
2019-06-25 02:25:05.727  INFO 11200 --- [ost-startStop-1] o.s.b.w.servlet.FilterRegistrationBean   : Mapping filter: 'httpPutFormContentFilter' to: [/*]
2019-06-25 02:25:05.727  INFO 11200 --- [ost-startStop-1] o.s.b.w.servlet.FilterRegistrationBean   : Mapping filter: 'requestContextFilter' to: [/*]
2019-06-25 02:25:05.763  INFO 11200 --- [           main] com.zaxxer.hikari.HikariDataSource       : HikariPool-10 - Starting...
2019-06-25 02:25:05.767  INFO 11200 --- [           main] com.zaxxer.hikari.HikariDataSource       : HikariPool-10 - Start completed.
2019-06-25 02:25:05.832  INFO 11200 --- [           main] j.LocalContainerEntityManagerFactoryBean : Building JPA container EntityManagerFactory for persistence unit 'default'
2019-06-25 02:25:05.832  INFO 11200 --- [           main] o.hibernate.jpa.internal.util.LogHelper  : HHH000204: Processing PersistenceUnitInfo [
	name: default
	...]
2019-06-25 02:25:05.853  INFO 11200 --- [           main] org.hibernate.dialect.Dialect            : HHH000400: Using dialect: org.hibernate.dialect.H2Dialect
2019-06-25 02:25:05.903 DEBUG 11200 --- [           main] org.hibernate.SQL                        : drop table employee if exists
2019-06-25 02:25:05.903 DEBUG 11200 --- [           main] org.hibernate.SQL                        : drop table employee_project if exists
2019-06-25 02:25:05.903 DEBUG 11200 --- [           main] org.hibernate.SQL                        : drop table project if exists
2019-06-25 02:25:05.903 DEBUG 11200 --- [           main] org.hibernate.SQL                        : drop table t_class if exists
2019-06-25 02:25:05.903 DEBUG 11200 --- [           main] org.hibernate.SQL                        : drop table t_question if exists
2019-06-25 02:25:05.903 DEBUG 11200 --- [           main] org.hibernate.SQL                        : drop table t_task if exists
2019-06-25 02:25:05.903 DEBUG 11200 --- [           main] org.hibernate.SQL                        : drop table t_task_valiable if exists
2019-06-25 02:25:05.903 DEBUG 11200 --- [           main] org.hibernate.SQL                        : drop table t_task_valiable_answer if exists
2019-06-25 02:25:05.903 DEBUG 11200 --- [           main] org.hibernate.SQL                        : drop table t_user if exists
2019-06-25 02:25:05.903 DEBUG 11200 --- [           main] org.hibernate.SQL                        : drop table t_user_class if exists
2019-06-25 02:25:05.903 DEBUG 11200 --- [           main] org.hibernate.SQL                        : create table employee (employee_id integer not null, first_name varchar(255), last_name varchar(255), primary key (employee_id))
2019-06-25 02:25:05.903 DEBUG 11200 --- [           main] org.hibernate.SQL                        : create table employee_project (employee_id integer not null, project_id integer not null)
2019-06-25 02:25:05.903 DEBUG 11200 --- [           main] org.hibernate.SQL                        : create table project (project_id integer not null, title varchar(255), primary key (project_id))
2019-06-25 02:25:05.903 DEBUG 11200 --- [           main] org.hibernate.SQL                        : create table t_class (id integer generated by default as identity, name varchar(255), primary key (id))
2019-06-25 02:25:05.903 DEBUG 11200 --- [           main] org.hibernate.SQL                        : create table t_question (id integer generated by default as identity, description varchar(255), input_num integer, public_flg boolean not null, title varchar(255), primary key (id))
2019-06-25 02:25:05.903 DEBUG 11200 --- [           main] org.hibernate.SQL                        : create table t_task (id integer generated by default as identity, description varchar(255), language_id varchar(255), question_id integer, self_made_check_code varchar(255), title varchar(255), primary key (id))
2019-06-25 02:25:05.903 DEBUG 11200 --- [           main] org.hibernate.SQL                        : create table t_task_valiable (task_id integer not null, val_number integer not null, date_type varchar(255), primary key (task_id, val_number))
2019-06-25 02:25:05.903 DEBUG 11200 --- [           main] org.hibernate.SQL                        : create table t_task_valiable_answer (task_id integer not null, val_number integer not null, parametor varchar(255), public_flg boolean, primary key (task_id, val_number))
2019-06-25 02:25:05.903 DEBUG 11200 --- [           main] org.hibernate.SQL                        : create table t_user (id varchar(255) not null, name varchar(255), password varchar(255) not null, role_id varchar(3) not null, primary key (id))
2019-06-25 02:25:05.903 DEBUG 11200 --- [           main] org.hibernate.SQL                        : create table t_user_class (class_id integer not null, user_id varchar(255) not null)
2019-06-25 02:25:05.903 DEBUG 11200 --- [           main] org.hibernate.SQL                        : alter table employee_project add constraint FK4yddvnm7283a40plkcti66wv9 foreign key (project_id) references project
2019-06-25 02:25:05.903 DEBUG 11200 --- [           main] org.hibernate.SQL                        : alter table employee_project add constraint FKb25s5hgggo6k4au4sye7teb3a foreign key (employee_id) references employee
2019-06-25 02:25:05.903 DEBUG 11200 --- [           main] org.hibernate.SQL                        : alter table t_task add constraint FK5ce17d1lxfbtk8jcg4js93rr6 foreign key (question_id) references t_question
2019-06-25 02:25:05.903 DEBUG 11200 --- [           main] org.hibernate.SQL                        : alter table t_task_valiable add constraint FK6n6hm5nvxgem4ypsq6beqt0jh foreign key (task_id) references t_task
2019-06-25 02:25:05.913 DEBUG 11200 --- [           main] org.hibernate.SQL                        : alter table t_task_valiable_answer add constraint FK54y8v5a7ijwore959mtlkq44v foreign key (task_id) references t_task
2019-06-25 02:25:05.913 DEBUG 11200 --- [           main] org.hibernate.SQL                        : alter table t_user_class add constraint FKkyn2s946l9bqe2eyec4j6lslg foreign key (user_id) references t_user
2019-06-25 02:25:05.916 DEBUG 11200 --- [           main] org.hibernate.SQL                        : alter table t_user_class add constraint FKq93wm54euun6e584hup5kon7i foreign key (class_id) references t_class
2019-06-25 02:25:05.916  INFO 11200 --- [           main] o.h.t.schema.internal.SchemaCreatorImpl  : HHH000476: Executing import script 'org.hibernate.tool.schema.internal.exec.ScriptSourceInputNonExistentImpl@afde064'
2019-06-25 02:25:05.916  INFO 11200 --- [           main] j.LocalContainerEntityManagerFactoryBean : Initialized JPA EntityManagerFactory for persistence unit 'default'
2019-06-25 02:25:06.022  INFO 11200 --- [           main] o.a.c.c.C.[Tomcat].[localhost].[/]       : Initializing Spring FrameworkServlet ''
2019-06-25 02:25:06.022  INFO 11200 --- [           main] o.s.t.web.servlet.TestDispatcherServlet  : FrameworkServlet '': initialization started
2019-06-25 02:25:06.057  WARN 11200 --- [           main] aWebConfiguration$JpaWebMvcConfiguration : spring.jpa.open-in-view is enabled by default. Therefore, database queries may be performed during view rendering. Explicitly configure spring.jpa.open-in-view to disable this warning
2019-06-25 02:25:06.073  INFO 11200 --- [           main] s.w.s.m.m.a.RequestMappingHandlerMapping : Mapped "{[/login],methods=[GET]}" onto java.lang.String jp.spring.boot.algolearn.controller.LoginController.loginForm()
2019-06-25 02:25:06.073  INFO 11200 --- [           main] s.w.s.m.m.a.RequestMappingHandlerMapping : Mapped "{[/student/learn],methods=[GET]}" onto public java.lang.String jp.spring.boot.algolearn.controller.student.LearnController.learn(org.springframework.ui.Model)
2019-06-25 02:25:06.073  INFO 11200 --- [           main] s.w.s.m.m.a.RequestMappingHandlerMapping : Mapped "{[/student/learn],methods=[POST]}" onto public java.lang.String jp.spring.boot.algolearn.controller.student.LearnController.learnExecute(jp.spring.boot.algolearn.form.LearnForm,org.springframework.ui.Model)
2019-06-25 02:25:06.083  INFO 11200 --- [           main] s.w.s.m.m.a.RequestMappingHandlerMapping : Mapped "{[/teacher/class/add],methods=[GET]}" onto public java.lang.String jp.spring.boot.algolearn.controller.teacher.ClassController.add(org.springframework.ui.Model)
2019-06-25 02:25:06.083  INFO 11200 --- [           main] s.w.s.m.m.a.RequestMappingHandlerMapping : Mapped "{[/teacher/class/delete],methods=[POST]}" onto public java.lang.String jp.spring.boot.algolearn.controller.teacher.ClassController.delete(java.lang.String,org.springframework.ui.Model)
2019-06-25 02:25:06.083  INFO 11200 --- [           main] s.w.s.m.m.a.RequestMappingHandlerMapping : Mapped "{[/teacher/class],methods=[GET]}" onto java.lang.String jp.spring.boot.algolearn.controller.teacher.ClassController.list(jp.spring.boot.algolearn.form.ClassForm,org.springframework.ui.Model)
2019-06-25 02:25:06.083  INFO 11200 --- [           main] s.w.s.m.m.a.RequestMappingHandlerMapping : Mapped "{[/teacher/class/edit],methods=[POST]}" onto public java.lang.String jp.spring.boot.algolearn.controller.teacher.ClassController.edit(java.lang.String,org.springframework.ui.Model)
2019-06-25 02:25:06.083  INFO 11200 --- [           main] s.w.s.m.m.a.RequestMappingHandlerMapping : Mapped "{[/teacher/class/editprocess],methods=[POST]}" onto public java.lang.String jp.spring.boot.algolearn.controller.teacher.ClassController.editProcess(jp.spring.boot.algolearn.form.ClassForm,org.springframework.ui.Model)
2019-06-25 02:25:06.083  INFO 11200 --- [           main] s.w.s.m.m.a.RequestMappingHandlerMapping : Mapped "{[/teacher/class/add],methods=[POST]}" onto public java.lang.String jp.spring.boot.algolearn.controller.teacher.ClassController.addProcess(jp.spring.boot.algolearn.form.ClassForm,org.springframework.validation.BindingResult,org.springframework.ui.Model)
2019-06-25 02:25:06.083  INFO 11200 --- [           main] s.w.s.m.m.a.RequestMappingHandlerMapping : Mapped "{[/teacher/question/add],methods=[GET]}" onto public java.lang.String jp.spring.boot.algolearn.controller.teacher.QuestionController.add(org.springframework.ui.Model)
2019-06-25 02:25:06.083  INFO 11200 --- [           main] s.w.s.m.m.a.RequestMappingHandlerMapping : Mapped "{[/teacher/question/delete],methods=[POST]}" onto public java.lang.String jp.spring.boot.algolearn.controller.teacher.QuestionController.delete(java.lang.String,org.springframework.ui.Model)
2019-06-25 02:25:06.083  INFO 11200 --- [           main] s.w.s.m.m.a.RequestMappingHandlerMapping : Mapped "{[/teacher/question],methods=[GET]}" onto java.lang.String jp.spring.boot.algolearn.controller.teacher.QuestionController.list(org.springframework.ui.Model)
2019-06-25 02:25:06.083  INFO 11200 --- [           main] s.w.s.m.m.a.RequestMappingHandlerMapping : Mapped "{[/teacher/question/edit],methods=[POST]}" onto public java.lang.String jp.spring.boot.algolearn.controller.teacher.QuestionController.edit(java.lang.String,org.springframework.ui.Model)
2019-06-25 02:25:06.083  INFO 11200 --- [           main] s.w.s.m.m.a.RequestMappingHandlerMapping : Mapped "{[/teacher/question/editprocess],methods=[POST]}" onto public java.lang.String jp.spring.boot.algolearn.controller.teacher.QuestionController.editProcess(jp.spring.boot.algolearn.form.QuestionForm,org.springframework.ui.Model)
2019-06-25 02:25:06.083  INFO 11200 --- [           main] s.w.s.m.m.a.RequestMappingHandlerMapping : Mapped "{[/teacher/question/add],methods=[POST]}" onto public java.lang.String jp.spring.boot.algolearn.controller.teacher.QuestionController.addProcess(jp.spring.boot.algolearn.form.QuestionForm,org.springframework.validation.BindingResult,org.springframework.ui.Model)
2019-06-25 02:25:06.083  INFO 11200 --- [           main] s.w.s.m.m.a.RequestMappingHandlerMapping : Mapped "{[/teacher/student/add],methods=[GET]}" onto public java.lang.String jp.spring.boot.algolearn.controller.teacher.StudentController.add(org.springframework.ui.Model)
2019-06-25 02:25:06.083  INFO 11200 --- [           main] s.w.s.m.m.a.RequestMappingHandlerMapping : Mapped "{[/teacher/student/delete],methods=[POST]}" onto public java.lang.String jp.spring.boot.algolearn.controller.teacher.StudentController.delete(java.lang.String,org.springframework.ui.Model)
2019-06-25 02:25:06.083  INFO 11200 --- [           main] s.w.s.m.m.a.RequestMappingHandlerMapping : Mapped "{[/teacher/student],methods=[GET]}" onto java.lang.String jp.spring.boot.algolearn.controller.teacher.StudentController.list(org.springframework.ui.Model)
2019-06-25 02:25:06.083  INFO 11200 --- [           main] s.w.s.m.m.a.RequestMappingHandlerMapping : Mapped "{[/teacher/student/edit],methods=[POST]}" onto public java.lang.String jp.spring.boot.algolearn.controller.teacher.StudentController.edit(java.lang.String,org.springframework.ui.Model)
2019-06-25 02:25:06.083  INFO 11200 --- [           main] s.w.s.m.m.a.RequestMappingHandlerMapping : Mapped "{[/teacher/student/editprocess],methods=[POST]}" onto public java.lang.String jp.spring.boot.algolearn.controller.teacher.StudentController.editProcess(jp.spring.boot.algolearn.form.StudentForm,org.springframework.ui.Model)
2019-06-25 02:25:06.083  INFO 11200 --- [           main] s.w.s.m.m.a.RequestMappingHandlerMapping : Mapped "{[/teacher/student/add],methods=[POST]}" onto public java.lang.String jp.spring.boot.algolearn.controller.teacher.StudentController.addProcess(jp.spring.boot.algolearn.form.StudentForm,org.springframework.validation.BindingResult,org.springframework.ui.Model)
2019-06-25 02:25:06.083  INFO 11200 --- [           main] s.w.s.m.m.a.RequestMappingHandlerMapping : Mapped "{[/teacher/task/add],methods=[GET]}" onto public java.lang.String jp.spring.boot.algolearn.controller.teacher.TaskController.add(org.springframework.ui.Model)
2019-06-25 02:25:06.083  INFO 11200 --- [           main] s.w.s.m.m.a.RequestMappingHandlerMapping : Mapped "{[/teacher/task/delete],methods=[POST]}" onto public java.lang.String jp.spring.boot.algolearn.controller.teacher.TaskController.delete(java.lang.String,org.springframework.ui.Model)
2019-06-25 02:25:06.083  INFO 11200 --- [           main] s.w.s.m.m.a.RequestMappingHandlerMapping : Mapped "{[/teacher/task],methods=[GET]}" onto java.lang.String jp.spring.boot.algolearn.controller.teacher.TaskController.list(org.springframework.ui.Model)
2019-06-25 02:25:06.083  INFO 11200 --- [           main] s.w.s.m.m.a.RequestMappingHandlerMapping : Mapped "{[/teacher/task/edit],methods=[POST]}" onto public java.lang.String jp.spring.boot.algolearn.controller.teacher.TaskController.edit(java.lang.String,org.springframework.ui.Model)
2019-06-25 02:25:06.083  INFO 11200 --- [           main] s.w.s.m.m.a.RequestMappingHandlerMapping : Mapped "{[/teacher/task/editprocess],methods=[POST]}" onto public java.lang.String jp.spring.boot.algolearn.controller.teacher.TaskController.editProcess(jp.spring.boot.algolearn.form.StudentForm,org.springframework.ui.Model)
2019-06-25 02:25:06.083  INFO 11200 --- [           main] s.w.s.m.m.a.RequestMappingHandlerMapping : Mapped "{[/teacher/task/add],methods=[POST]}" onto public java.lang.String jp.spring.boot.algolearn.controller.teacher.TaskController.addProcess(jp.spring.boot.algolearn.form.StudentForm,org.springframework.validation.BindingResult,org.springframework.ui.Model)
2019-06-25 02:25:06.083  INFO 11200 --- [           main] s.w.s.m.m.a.RequestMappingHandlerMapping : Mapped "{[/error]}" onto public org.springframework.http.ResponseEntity<java.util.Map<java.lang.String, java.lang.Object>> org.springframework.boot.autoconfigure.web.servlet.error.BasicErrorController.error(javax.servlet.http.HttpServletRequest)
2019-06-25 02:25:06.083  INFO 11200 --- [           main] s.w.s.m.m.a.RequestMappingHandlerMapping : Mapped "{[/error],produces=[text/html]}" onto public org.springframework.web.servlet.ModelAndView org.springframework.boot.autoconfigure.web.servlet.error.BasicErrorController.errorHtml(javax.servlet.http.HttpServletRequest,javax.servlet.http.HttpServletResponse)
2019-06-25 02:25:06.116  INFO 11200 --- [           main] o.s.w.s.handler.SimpleUrlHandlerMapping  : Mapped URL path [/webjars/**] onto handler of type [class org.springframework.web.servlet.resource.ResourceHttpRequestHandler]
2019-06-25 02:25:06.116  INFO 11200 --- [           main] o.s.w.s.handler.SimpleUrlHandlerMapping  : Mapped URL path [/**] onto handler of type [class org.springframework.web.servlet.resource.ResourceHttpRequestHandler]
2019-06-25 02:25:06.133  INFO 11200 --- [           main] o.s.w.s.handler.SimpleUrlHandlerMapping  : Mapped URL path [/**/favicon.ico] onto handler of type [class org.springframework.web.servlet.resource.ResourceHttpRequestHandler]
2019-06-25 02:25:06.222  INFO 11200 --- [           main] s.w.s.m.m.a.RequestMappingHandlerAdapter : Looking for @ControllerAdvice: org.springframework.boot.web.servlet.context.AnnotationConfigServletWebServerApplicationContext@6d548d27: startup date [Tue Jun 25 02:25:05 JST 2019]; root of context hierarchy
2019-06-25 02:25:06.293  INFO 11200 --- [           main] o.s.t.web.servlet.TestDispatcherServlet  : FrameworkServlet '': initialization completed in 271 ms
2019-06-25 02:25:06.422  INFO 11200 --- [           main] o.s.b.w.embedded.tomcat.TomcatWebServer  : Tomcat started on port(s): 54812 (http) with context path ''
2019-06-25 02:25:06.422  INFO 11200 --- [           main] j.s.b.a.c.teacher.StudentControllerTest  : Started StudentControllerTest in 1.195 seconds (JVM running for 26.6)
2019-06-25 02:25:06.422  INFO 11200 --- [           main] o.a.c.c.C.[Tomcat].[localhost].[/]       : Initializing Spring FrameworkServlet ''
2019-06-25 02:25:06.422  INFO 11200 --- [           main] o.s.t.web.servlet.TestDispatcherServlet  : FrameworkServlet '': initialization started
2019-06-25 02:25:06.433  INFO 11200 --- [           main] o.s.t.web.servlet.TestDispatcherServlet  : FrameworkServlet '': initialization completed in 11 ms
]]></system-out>
  </testcase>
  <testcase name="先生用学生編集処理" classname="jp.spring.boot.algolearn.controller.teacher.StudentControllerTest" time="1.507">
    <error message="org.h2.jdbc.JdbcSQLException: 列 &quot;USER_ID&quot; が見つかりません&#10;Column &quot;USER_ID&quot; not found; SQL statement:&#10;insert into t_user (user_id, password, name, role_id) values (?, ?, ?, ?) [42122-196]" type="com.ninja_squad.dbsetup.DbSetupRuntimeException">com.ninja_squad.dbsetup.DbSetupRuntimeException: 
org.h2.jdbc.JdbcSQLException: 列 "USER_ID" が見つかりません
Column "USER_ID" not found; SQL statement:
insert into t_user (user_id, password, name, role_id) values (?, ?, ?, ?) [42122-196]
	at jp.spring.boot.algolearn.controller.teacher.StudentControllerTest.先生用学生編集処理(StudentControllerTest.java:185)
Caused by: org.h2.jdbc.JdbcSQLException: 
列 "USER_ID" が見つかりません
Column "USER_ID" not found; SQL statement:
insert into t_user (user_id, password, name, role_id) values (?, ?, ?, ?) [42122-196]
	at jp.spring.boot.algolearn.controller.teacher.StudentControllerTest.先生用学生編集処理(StudentControllerTest.java:185)
</error>
    <system-out><![CDATA[2019-06-25 02:25:06.436  INFO 11200 --- [           main] ConfigServletWebServerApplicationContext : Closing org.springframework.boot.web.servlet.context.AnnotationConfigServletWebServerApplicationContext@6d548d27: startup date [Tue Jun 25 02:25:05 JST 2019]; root of context hierarchy
2019-06-25 02:25:06.436  INFO 11200 --- [           main] j.LocalContainerEntityManagerFactoryBean : Closing JPA EntityManagerFactory for persistence unit 'default'
2019-06-25 02:25:06.436  INFO 11200 --- [           main] .SchemaDropperImpl$DelayedDropActionImpl : HHH000477: Starting delayed drop of schema as part of SessionFactory shut-down'
2019-06-25 02:25:06.436 DEBUG 11200 --- [           main] org.hibernate.SQL                        : drop table employee if exists
2019-06-25 02:25:06.436 DEBUG 11200 --- [           main] org.hibernate.SQL                        : drop table employee_project if exists
2019-06-25 02:25:06.436 DEBUG 11200 --- [           main] org.hibernate.SQL                        : drop table project if exists
2019-06-25 02:25:06.436 DEBUG 11200 --- [           main] org.hibernate.SQL                        : drop table t_class if exists
2019-06-25 02:25:06.436 DEBUG 11200 --- [           main] org.hibernate.SQL                        : drop table t_question if exists
2019-06-25 02:25:06.436 DEBUG 11200 --- [           main] org.hibernate.SQL                        : drop table t_task if exists
2019-06-25 02:25:06.436 DEBUG 11200 --- [           main] org.hibernate.SQL                        : drop table t_task_valiable if exists
2019-06-25 02:25:06.436 DEBUG 11200 --- [           main] org.hibernate.SQL                        : drop table t_task_valiable_answer if exists
2019-06-25 02:25:06.436 DEBUG 11200 --- [           main] org.hibernate.SQL                        : drop table t_user if exists
2019-06-25 02:25:06.436 DEBUG 11200 --- [           main] org.hibernate.SQL                        : drop table t_user_class if exists
2019-06-25 02:25:06.436  INFO 11200 --- [           main] com.zaxxer.hikari.HikariDataSource       : HikariPool-10 - Shutdown initiated...
2019-06-25 02:25:06.442  INFO 11200 --- [           main] com.zaxxer.hikari.HikariDataSource       : HikariPool-10 - Shutdown completed.

  .   ____          _            __ _ _
 /\\ / ___'_ __ _ _(_)_ __  __ _ \ \ \ \
( ( )\___ | '_ | '_| | '_ \/ _` | \ \ \ \
[...]
2019-06-25 02:25:09.802  INFO 11200 --- [           main] ConfigServletWebServerApplicationContext : Refreshing org.springframework.boot.web.servlet.context.AnnotationConfigServletWebServerApplicationContext@3c199e06: startup date [Tue Jun 25 02:25:09 JST 2019]; root of context hierarchy
2019-06-25 02:25:10.113  INFO 11200 --- [           main] trationDelegate$BeanPostProcessorChecker : Bean 'org.springframework.transaction.annotation.ProxyTransactionManagementConfiguration' of type [org.springframework.transaction.annotation.ProxyTransactionManagementConfiguration$$EnhancerBySpringCGLIB$$31723b68] is not eligible for getting processed by all BeanPostProcessors (for example: not eligible for auto-proxying)
2019-06-25 02:25:10.163  INFO 11200 --- [           main] o.s.b.w.embedded.tomcat.TomcatWebServer  : Tomcat initialized with port(s): 0 (http)
2019-06-25 02:25:10.163  INFO 11200 --- [           main] o.apache.catalina.core.StandardService   : Starting service [Tomcat]
2019-06-25 02:25:10.163  INFO 11200 --- [           main] org.apache.catalina.core.StandardEngine  : Starting Servlet Engine: Apache Tomcat/8.5.28
2019-06-25 02:25:10.173  INFO 11200 --- [ost-startStop-1] o.a.c.c.C.[Tomcat].[localhost].[/]       : Initializing Spring embedded WebApplicationContext
2019-06-25 02:25:10.173  INFO 11200 --- [ost-startStop-1] o.s.web.context.ContextLoader            : Root WebApplicationContext: initialization completed in 371 ms
2019-06-25 02:25:10.237  INFO 11200 --- [ost-startStop-1] o.s.b.w.servlet.ServletRegistrationBean  : Servlet dispatcherServlet mapped to [/]
2019-06-25 02:25:10.237  INFO 11200 --- [ost-startStop-1] o.s.b.w.servlet.FilterRegistrationBean   : Mapping filter: 'characterEncodingFilter' to: [/*]
2019-06-25 02:25:10.237  INFO 11200 --- [ost-startStop-1] o.s.b.w.servlet.FilterRegistrationBean   : Mapping filter: 'hiddenHttpMethodFilter' to: [/*]
2019-06-25 02:25:10.237  INFO 11200 --- [ost-startStop-1] o.s.b.w.servlet.FilterRegistrationBean   : Mapping filter: 'httpPutFormContentFilter' to: [/*]
2019-06-25 02:25:10.237  INFO 11200 --- [ost-startStop-1] o.s.b.w.servlet.FilterRegistrationBean   : Mapping filter: 'requestContextFilter' to: [/*]
2019-06-25 02:25:10.273  INFO 11200 --- [           main] com.zaxxer.hikari.HikariDataSource       : HikariPool-13 - Starting...
2019-06-25 02:25:10.273  INFO 11200 --- [           main] com.zaxxer.hikari.HikariDataSource       : HikariPool-13 - Start completed.
2019-06-25 02:25:10.331  INFO 11200 --- [           main] j.LocalContainerEntityManagerFactoryBean : Building JPA container EntityManagerFactory for persistence unit 'default'
2019-06-25 02:25:10.331  INFO 11200 --- [           main] o.hibernate.jpa.internal.util.LogHelper  : HHH000204: Processing PersistenceUnitInfo [
	name: default
	...]
2019-06-25 02:25:10.343  INFO 11200 --- [           main] org.hibernate.dialect.Dialect            : HHH000400: Using dialect: org.hibernate.dialect.H2Dialect
2019-06-25 02:25:10.393 DEBUG 11200 --- [           main] org.hibernate.SQL                        : drop table employee if exists
2019-06-25 02:25:10.393 DEBUG 11200 --- [           main] org.hibernate.SQL                        : drop table employee_project if exists
2019-06-25 02:25:10.393 DEBUG 11200 --- [           main] org.hibernate.SQL                        : drop table project if exists
2019-06-25 02:25:10.393 DEBUG 11200 --- [           main] org.hibernate.SQL                        : drop table t_class if exists
2019-06-25 02:25:10.393 DEBUG 11200 --- [           main] org.hibernate.SQL                        : drop table t_question if exists
2019-06-25 02:25:10.393 DEBUG 11200 --- [           main] org.hibernate.SQL                        : drop table t_task if exists
2019-06-25 02:25:10.393 DEBUG 11200 --- [           main] org.hibernate.SQL                        : drop table t_task_valiable if exists
2019-06-25 02:25:10.393 DEBUG 11200 --- [           main] org.hibernate.SQL                        : drop table t_task_valiable_answer if exists
2019-06-25 02:25:10.393 DEBUG 11200 --- [           main] org.hibernate.SQL                        : drop table t_user if exists
2019-06-25 02:25:10.393 DEBUG 11200 --- [           main] org.hibernate.SQL                        : drop table t_user_class if exists
2019-06-25 02:25:10.393 DEBUG 11200 --- [           main] org.hibernate.SQL                        : create table employee (employee_id integer not null, first_name varchar(255), last_name varchar(255), primary key (employee_id))
2019-06-25 02:25:10.393 DEBUG 11200 --- [           main] org.hibernate.SQL                        : create table employee_project (employee_id integer not null, project_id integer not null)
2019-06-25 02:25:10.393 DEBUG 11200 --- [           main] org.hibernate.SQL                        : create table project (project_id integer not null, title varchar(255), primary key (project_id))
2019-06-25 02:25:10.393 DEBUG 11200 --- [           main] org.hibernate.SQL                        : create table t_class (id integer generated by default as identity, name varchar(255), primary key (id))
2019-06-25 02:25:10.393 DEBUG 11200 --- [           main] org.hibernate.SQL                        : create table t_question (id integer generated by default as identity, description varchar(255), input_num integer, public_flg boolean not null, title varchar(255), primary key (id))
2019-06-25 02:25:10.397 DEBUG 11200 --- [           main] org.hibernate.SQL                        : create table t_task (id integer generated by default as identity, description varchar(255), language_id varchar(255), question_id integer, self_made_check_code varchar(255), title varchar(255), primary key (id))
2019-06-25 02:25:10.397 DEBUG 11200 --- [           main] org.hibernate.SQL                        : create table t_task_valiable (task_id integer not null, val_number integer not null, date_type varchar(255), primary key (task_id, val_number))
2019-06-25 02:25:10.397 DEBUG 11200 --- [           main] org.hibernate.SQL                        : create table t_task_valiable_answer (task_id integer not null, val_number integer not null, parametor varchar(255), public_flg boolean, primary key (task_id, val_number))
2019-06-25 02:25:10.397 DEBUG 11200 --- [           main] org.hibernate.SQL                        : create table t_user (id varchar(255) not null, name varchar(255), password varchar(255) not null, role_id varchar(3) not null, primary key (id))
2019-06-25 02:25:10.397 DEBUG 11200 --- [           main] org.hibernate.SQL                        : create table t_user_class (class_id integer not null, user_id varchar(255) not null)
2019-06-25 02:25:10.397 DEBUG 11200 --- [           main] org.hibernate.SQL                        : alter table employee_project add constraint FK4yddvnm7283a40plkcti66wv9 foreign key (project_id) references project
2019-06-25 02:25:10.397 DEBUG 11200 --- [           main] org.hibernate.SQL                        : alter table employee_project add constraint FKb25s5hgggo6k4au4sye7teb3a foreign key (employee_id) references employee
2019-06-25 02:25:10.397 DEBUG 11200 --- [           main] org.hibernate.SQL                        : alter table t_task add constraint FK5ce17d1lxfbtk8jcg4js93rr6 foreign key (question_id) references t_question
2019-06-25 02:25:10.397 DEBUG 11200 --- [           main] org.hibernate.SQL                        : alter table t_task_valiable add constraint FK6n6hm5nvxgem4ypsq6beqt0jh foreign key (task_id) references t_task
2019-06-25 02:25:10.397 DEBUG 11200 --- [           main] org.hibernate.SQL                        : alter table t_task_valiable_answer add constraint FK54y8v5a7ijwore959mtlkq44v foreign key (task_id) references t_task
2019-06-25 02:25:10.397 DEBUG 11200 --- [           main] org.hibernate.SQL                        : alter table t_user_class add constraint FKkyn2s946l9bqe2eyec4j6lslg foreign key (user_id) references t_user
2019-06-25 02:25:10.403 DEBUG 11200 --- [           main] org.hibernate.SQL                        : alter table t_user_class add constraint FKq93wm54euun6e584hup5kon7i foreign key (class_id) references t_class
2019-06-25 02:25:10.403  INFO 11200 --- [           main] o.h.t.schema.internal.SchemaCreatorImpl  : HHH000476: Executing import script 'org.hibernate.tool.schema.internal.exec.ScriptSourceInputNonExistentImpl@afde064'
2019-06-25 02:25:10.403  INFO 11200 --- [           main] j.LocalContainerEntityManagerFactoryBean : Initialized JPA EntityManagerFactory for persistence unit 'default'
2019-06-25 02:25:10.513  INFO 11200 --- [           main] o.a.c.c.C.[Tomcat].[localhost].[/]       : Initializing Spring FrameworkServlet ''
2019-06-25 02:25:10.513  INFO 11200 --- [           main] o.s.t.web.servlet.TestDispatcherServlet  : FrameworkServlet '': initialization started
2019-06-25 02:25:10.563  WARN 11200 --- [           main] aWebConfiguration$JpaWebMvcConfiguration : spring.jpa.open-in-view is enabled by default. Therefore, database queries may be performed during view rendering. Explicitly configure spring.jpa.open-in-view to disable this warning
2019-06-25 02:25:10.587  INFO 11200 --- [           main] s.w.s.m.m.a.RequestMappingHandlerMapping : Mapped "{[/login],methods=[GET]}" onto java.lang.String jp.spring.boot.algolearn.controller.LoginController.loginForm()
2019-06-25 02:25:10.593  INFO 11200 --- [           main] s.w.s.m.m.a.RequestMappingHandlerMapping : Mapped "{[/student/learn],methods=[GET]}" onto public java.lang.String jp.spring.boot.algolearn.controller.student.LearnController.learn(org.springframework.ui.Model)
2019-06-25 02:25:10.593  INFO 11200 --- [           main] s.w.s.m.m.a.RequestMappingHandlerMapping : Mapped "{[/student/learn],methods=[POST]}" onto public java.lang.String jp.spring.boot.algolearn.controller.student.LearnController.learnExecute(jp.spring.boot.algolearn.form.LearnForm,org.springframework.ui.Model)
2019-06-25 02:25:10.593  INFO 11200 --- [           main] s.w.s.m.m.a.RequestMappingHandlerMapping : Mapped "{[/teacher/class/add],methods=[GET]}" onto public java.lang.String jp.spring.boot.algolearn.controller.teacher.ClassController.add(org.springframework.ui.Model)
2019-06-25 02:25:10.593  INFO 11200 --- [           main] s.w.s.m.m.a.RequestMappingHandlerMapping : Mapped "{[/teacher/class/delete],methods=[POST]}" onto public java.lang.String jp.spring.boot.algolearn.controller.teacher.ClassController.delete(java.lang.String,org.springframework.ui.Model)
2019-06-25 02:25:10.593  INFO 11200 --- [           main] s.w.s.m.m.a.RequestMappingHandlerMapping : Mapped "{[/teacher/class],methods=[GET]}" onto java.lang.String jp.spring.boot.algolearn.controller.teacher.ClassController.list(jp.spring.boot.algolearn.form.ClassForm,org.springframework.ui.Model)
2019-06-25 02:25:10.593  INFO 11200 --- [           main] s.w.s.m.m.a.RequestMappingHandlerMapping : Mapped "{[/teacher/class/edit],methods=[POST]}" onto public java.lang.String jp.spring.boot.algolearn.controller.teacher.ClassController.edit(java.lang.String,org.springframework.ui.Model)
2019-06-25 02:25:10.593  INFO 11200 --- [           main] s.w.s.m.m.a.RequestMappingHandlerMapping : Mapped "{[/teacher/class/editprocess],methods=[POST]}" onto public java.lang.String jp.spring.boot.algolearn.controller.teacher.ClassController.editProcess(jp.spring.boot.algolearn.form.ClassForm,org.springframework.ui.Model)
2019-06-25 02:25:10.593  INFO 11200 --- [           main] s.w.s.m.m.a.RequestMappingHandlerMapping : Mapped "{[/teacher/class/add],methods=[POST]}" onto public java.lang.String jp.spring.boot.algolearn.controller.teacher.ClassController.addProcess(jp.spring.boot.algolearn.form.ClassForm,org.springframework.validation.BindingResult,org.springframework.ui.Model)
2019-06-25 02:25:10.593  INFO 11200 --- [           main] s.w.s.m.m.a.RequestMappingHandlerMapping : Mapped "{[/teacher/question/add],methods=[GET]}" onto public java.lang.String jp.spring.boot.algolearn.controller.teacher.QuestionController.add(org.springframework.ui.Model)
2019-06-25 02:25:10.593  INFO 11200 --- [           main] s.w.s.m.m.a.RequestMappingHandlerMapping : Mapped "{[/teacher/question/delete],methods=[POST]}" onto public java.lang.String jp.spring.boot.algolearn.controller.teacher.QuestionController.delete(java.lang.String,org.springframework.ui.Model)
2019-06-25 02:25:10.593  INFO 11200 --- [           main] s.w.s.m.m.a.RequestMappingHandlerMapping : Mapped "{[/teacher/question],methods=[GET]}" onto java.lang.String jp.spring.boot.algolearn.controller.teacher.QuestionController.list(org.springframework.ui.Model)
2019-06-25 02:25:10.593  INFO 11200 --- [           main] s.w.s.m.m.a.RequestMappingHandlerMapping : Mapped "{[/teacher/question/edit],methods=[POST]}" onto public java.lang.String jp.spring.boot.algolearn.controller.teacher.QuestionController.edit(java.lang.String,org.springframework.ui.Model)
2019-06-25 02:25:10.593  INFO 11200 --- [           main] s.w.s.m.m.a.RequestMappingHandlerMapping : Mapped "{[/teacher/question/editprocess],methods=[POST]}" onto public java.lang.String jp.spring.boot.algolearn.controller.teacher.QuestionController.editProcess(jp.spring.boot.algolearn.form.QuestionForm,org.springframework.ui.Model)
2019-06-25 02:25:10.593  INFO 11200 --- [           main] s.w.s.m.m.a.RequestMappingHandlerMapping : Mapped "{[/teacher/question/add],methods=[POST]}" onto public java.lang.String jp.spring.boot.algolearn.controller.teacher.QuestionController.addProcess(jp.spring.boot.algolearn.form.QuestionForm,org.springframework.validation.BindingResult,org.springframework.ui.Model)
2019-06-25 02:25:10.593  INFO 11200 --- [           main] s.w.s.m.m.a.RequestMappingHandlerMapping : Mapped "{[/teacher/student/add],methods=[GET]}" onto public java.lang.String jp.spring.boot.algolearn.controller.teacher.StudentController.add(org.springframework.ui.Model)
2019-06-25 02:25:10.593  INFO 11200 --- [           main] s.w.s.m.m.a.RequestMappingHandlerMapping : Mapped "{[/teacher/student/delete],methods=[POST]}" onto public java.lang.String jp.spring.boot.algolearn.controller.teacher.StudentController.delete(java.lang.String,org.springframework.ui.Model)
2019-06-25 02:25:10.593  INFO 11200 --- [           main] s.w.s.m.m.a.RequestMappingHandlerMapping : Mapped "{[/teacher/student],methods=[GET]}" onto java.lang.String jp.spring.boot.algolearn.controller.teacher.StudentController.list(org.springframework.ui.Model)
2019-06-25 02:25:10.593  INFO 11200 --- [           main] s.w.s.m.m.a.RequestMappingHandlerMapping : Mapped "{[/teacher/student/edit],methods=[POST]}" onto public java.lang.String jp.spring.boot.algolearn.controller.teacher.StudentController.edit(java.lang.String,org.springframework.ui.Model)
2019-06-25 02:25:10.593  INFO 11200 --- [           main] s.w.s.m.m.a.RequestMappingHandlerMapping : Mapped "{[/teacher/student/editprocess],methods=[POST]}" onto public java.lang.String jp.spring.boot.algolearn.controller.teacher.StudentController.editProcess(jp.spring.boot.algolearn.form.StudentForm,org.springframework.ui.Model)
2019-06-25 02:25:10.593  INFO 11200 --- [           main] s.w.s.m.m.a.RequestMappingHandlerMapping : Mapped "{[/teacher/student/add],methods=[POST]}" onto public java.lang.String jp.spring.boot.algolearn.controller.teacher.StudentController.addProcess(jp.spring.boot.algolearn.form.StudentForm,org.springframework.validation.BindingResult,org.springframework.ui.Model)
2019-06-25 02:25:10.593  INFO 11200 --- [           main] s.w.s.m.m.a.RequestMappingHandlerMapping : Mapped "{[/teacher/task/add],methods=[GET]}" onto public java.lang.String jp.spring.boot.algolearn.controller.teacher.TaskController.add(org.springframework.ui.Model)
2019-06-25 02:25:10.593  INFO 11200 --- [           main] s.w.s.m.m.a.RequestMappingHandlerMapping : Mapped "{[/teacher/task/delete],methods=[POST]}" onto public java.lang.String jp.spring.boot.algolearn.controller.teacher.TaskController.delete(java.lang.String,org.springframework.ui.Model)
2019-06-25 02:25:10.593  INFO 11200 --- [           main] s.w.s.m.m.a.RequestMappingHandlerMapping : Mapped "{[/teacher/task],methods=[GET]}" onto java.lang.String jp.spring.boot.algolearn.controller.teacher.TaskController.list(org.springframework.ui.Model)
2019-06-25 02:25:10.593  INFO 11200 --- [           main] s.w.s.m.m.a.RequestMappingHandlerMapping : Mapped "{[/teacher/task/edit],methods=[POST]}" onto public java.lang.String jp.spring.boot.algolearn.controller.teacher.TaskController.edit(java.lang.String,org.springframework.ui.Model)
2019-06-25 02:25:10.593  INFO 11200 --- [           main] s.w.s.m.m.a.RequestMappingHandlerMapping : Mapped "{[/teacher/task/editprocess],methods=[POST]}" onto public java.lang.String jp.spring.boot.algolearn.controller.teacher.TaskController.editProcess(jp.spring.boot.algolearn.form.StudentForm,org.springframework.ui.Model)
2019-06-25 02:25:10.593  INFO 11200 --- [           main] s.w.s.m.m.a.RequestMappingHandlerMapping : Mapped "{[/teacher/task/add],methods=[POST]}" onto public java.lang.String jp.spring.boot.algolearn.controller.teacher.TaskController.addProcess(jp.spring.boot.algolearn.form.StudentForm,org.springframework.validation.BindingResult,org.springframework.ui.Model)
2019-06-25 02:25:10.593  INFO 11200 --- [           main] s.w.s.m.m.a.RequestMappingHandlerMapping : Mapped "{[/error]}" onto public org.springframework.http.ResponseEntity<java.util.Map<java.lang.String, java.lang.Object>> org.springframework.boot.autoconfigure.web.servlet.error.BasicErrorController.error(javax.servlet.http.HttpServletRequest)
2019-06-25 02:25:10.597  INFO 11200 --- [           main] s.w.s.m.m.a.RequestMappingHandlerMapping : Mapped "{[/error],produces=[text/html]}" onto public org.springframework.web.servlet.ModelAndView org.springframework.boot.autoconfigure.web.servlet.error.BasicErrorController.errorHtml(javax.servlet.http.HttpServletRequest,javax.servlet.http.HttpServletResponse)
2019-06-25 02:25:10.633  INFO 11200 --- [           main] o.s.w.s.handler.SimpleUrlHandlerMapping  : Mapped URL path [/webjars/**] onto handler of type [class org.springframework.web.servlet.resource.ResourceHttpRequestHandler]
2019-06-25 02:25:10.633  INFO 11200 --- [           main] o.s.w.s.handler.SimpleUrlHandlerMapping  : Mapped URL path [/**] onto handler of type [class org.springframework.web.servlet.resource.ResourceHttpRequestHandler]
2019-06-25 02:25:10.643  INFO 11200 --- [           main] o.s.w.s.handler.SimpleUrlHandlerMapping  : Mapped URL path [/**/favicon.ico] onto handler of type [class org.springframework.web.servlet.resource.ResourceHttpRequestHandler]
2019-06-25 02:25:10.737  INFO 11200 --- [           main] s.w.s.m.m.a.RequestMappingHandlerAdapter : Looking for @ControllerAdvice: org.springframework.boot.web.servlet.context.AnnotationConfigServletWebServerApplicationContext@3c199e06: startup date [Tue Jun 25 02:25:09 JST 2019]; root of context hierarchy
2019-06-25 02:25:10.797  INFO 11200 --- [           main] o.s.t.web.servlet.TestDispatcherServlet  : FrameworkServlet '': initialization completed in 284 ms
2019-06-25 02:25:10.933  INFO 11200 --- [           main] o.s.b.w.embedded.tomcat.TomcatWebServer  : Tomcat started on port(s): 54836 (http) with context path ''
2019-06-25 02:25:10.933  INFO 11200 --- [           main] j.s.b.a.c.teacher.StudentControllerTest  : Started StudentControllerTest in 1.181 seconds (JVM running for 31.109)
2019-06-25 02:25:10.933  INFO 11200 --- [           main] o.a.c.c.C.[Tomcat].[localhost].[/]       : Initializing Spring FrameworkServlet ''
2019-06-25 02:25:10.933  INFO 11200 --- [           main] o.s.t.web.servlet.TestDispatcherServlet  : FrameworkServlet '': initialization started
2019-06-25 02:25:10.933  INFO 11200 --- [           main] o.s.t.web.servlet.TestDispatcherServlet  : FrameworkServlet '': initialization completed in 0 ms
]]></system-out>
  </testcase>
</testsuite>