<?xml version="1.0" encoding="UTF-8"?>
<testsuite xmlns:xsi="http://www.w3.org/2001/XMLSchema-instance" xsi:noNamespaceSchemaLocation="https://maven.apache.org/surefire/maven-surefire-plugin/xsd/surefire-test-report.xsd" name="jp.spring.boot.algolearn.controller.teacher.ClassControllerTest" time="40.261" tests="6" errors="0" skipped="0" failures="1">
  <properties>
[...]
</properties>
  <testcase name="先生用クラス編集ページ表示" classname="jp.spring.boot.algolearn.controller.teacher.ClassControllerTest" time="8.345">
    <failure message="Status expected:&lt;200&gt; but was:&lt;404&gt;" type="java.lang.AssertionError"><![CDATA[java.lang.AssertionError: Status expected:<200> but was:<404>
	at jp.spring.boot.algolearn.controller.teacher.ClassControllerTest.先生用クラス編集ページ表示(ClassControllerTest.java:309)
]]></failure>
    <system-out><![CDATA[2019-07-03 08:21:17.519  INFO 2916 --- [           main] .b.t.c.SpringBootTestContextBootstrapper : Neither @ContextConfiguration nor @ContextHierarchy found for test class [jp.spring.boot.algolearn.controller.teacher.ClassControllerTest], using SpringBootContextLoader
2019-07-03 08:21:17.519  INFO 2916 --- [           main] o.s.t.c.support.AbstractContextLoader    : Could not detect default resource locations for test class [jp.spring.boot.algolearn.controller.teacher.ClassControllerTest]: no resource found for suffixes {-context.xml, Context.groovy}.
2019-07-03 08:21:17.519  INFO 2916 --- [           main] t.c.s.AnnotationConfigContextLoaderUtils : Could not detect default configuration classes for test class [jp.spring.boot.algolearn.controller.teacher.ClassControllerTest]: ClassControllerTest does not declare any static, non-private, non-final, nested classes annotated with @Configuration.
2019-07-03 08:21:17.644  INFO 2916 --- [           main] .b.t.c.SpringBootTestContextBootstrapper : Found @SpringBootConfiguration jp.spring.boot.algolearn.AlgoLearnApplication for test class jp.spring.boot.algolearn.controller.teacher.ClassControllerTest
2019-07-03 08:21:17.644  INFO 2916 --- [           main] .b.t.c.SpringBootTestContextBootstrapper : Loaded default TestExecutionListener class names from location [META-INF/spring.factories]: [org.springframework.boot.test.mock.mockito.MockitoTestExecutionListener, org.springframework.boot.test.mock.mockito.ResetMocksTestExecutionListener, org.springframework.boot.test.autoconfigure.restdocs.RestDocsTestExecutionListener, org.springframework.boot.test.autoconfigure.web.client.MockRestServiceServerResetTestExecutionListener, org.springframework.boot.test.autoconfigure.web.servlet.MockMvcPrintOnlyOnFailureTestExecutionListener, org.springframework.boot.test.autoconfigure.web.servlet.WebDriverTestExecutionListener, org.springframework.test.context.web.ServletTestExecutionListener, org.springframework.test.context.support.DirtiesContextBeforeModesTestExecutionListener, org.springframework.test.context.support.DependencyInjectionTestExecutionListener, org.springframework.test.context.support.DirtiesContextTestExecutionListener, org.springframework.test.context.transaction.TransactionalTestExecutionListener, org.springframework.test.context.jdbc.SqlScriptsTestExecutionListener]
2019-07-03 08:21:17.660  INFO 2916 --- [           main] .b.t.c.SpringBootTestContextBootstrapper : Using TestExecutionListeners: [org.springframework.test.context.web.ServletTestExecutionListener@34ede267, org.springframework.test.context.support.DirtiesContextBeforeModesTestExecutionListener@6bf77ee, org.springframework.boot.test.mock.mockito.MockitoTestExecutionListener@51c6e775, org.springframework.boot.test.autoconfigure.SpringBootDependencyInjectionTestExecutionListener@372841d2, org.springframework.test.context.support.DirtiesContextTestExecutionListener@6c8d638a, org.springframework.test.context.transaction.TransactionalTestExecutionListener@117069f2, org.springframework.test.context.jdbc.SqlScriptsTestExecutionListener@77ebc9e6, org.springframework.boot.test.mock.mockito.ResetMocksTestExecutionListener@2b82018, org.springframework.boot.test.autoconfigure.restdocs.RestDocsTestExecutionListener@52e92f6, org.springframework.boot.test.autoconfigure.web.client.MockRestServiceServerResetTestExecutionListener@17034458, org.springframework.boot.test.autoconfigure.web.servlet.MockMvcPrintOnlyOnFailureTestExecutionListener@3e0e0ba7, org.springframework.boot.test.autoconfigure.web.servlet.WebDriverTestExecutionListener@7df5549e]
2019-07-03 08:21:17.691  INFO 2916 --- [           main] o.s.s.concurrent.ThreadPoolTaskExecutor  : Shutting down ExecutorService 'applicationTaskExecutor'
2019-07-03 08:21:17.707  INFO 2916 --- [           main] j.LocalContainerEntityManagerFactoryBean : Closing JPA EntityManagerFactory for persistence unit 'default'
2019-07-03 08:21:17.707  INFO 2916 --- [           main] .SchemaDropperImpl$DelayedDropActionImpl : HHH000477: Starting delayed evictData of schema as part of SessionFactory shut-down'
2019-07-03 08:21:17.707 DEBUG 2916 --- [           main] org.hibernate.SQL                        : drop table t_class if exists
2019-07-03 08:21:17.707 DEBUG 2916 --- [           main] org.hibernate.SQL                        : drop table t_class_course if exists
2019-07-03 08:21:17.723 DEBUG 2916 --- [           main] org.hibernate.SQL                        : drop table t_course if exists
2019-07-03 08:21:17.723 DEBUG 2916 --- [           main] org.hibernate.SQL                        : drop table t_question if exists
2019-07-03 08:21:17.723 DEBUG 2916 --- [           main] org.hibernate.SQL                        : drop table t_task if exists
2019-07-03 08:21:17.738 DEBUG 2916 --- [           main] org.hibernate.SQL                        : drop table t_task_course if exists
2019-07-03 08:21:17.738 DEBUG 2916 --- [           main] org.hibernate.SQL                        : drop table t_task_question if exists
2019-07-03 08:21:17.738 DEBUG 2916 --- [           main] org.hibernate.SQL                        : drop table t_task_valiable if exists
2019-07-03 08:21:17.754 DEBUG 2916 --- [           main] org.hibernate.SQL                        : drop table t_task_valiable_answer if exists
2019-07-03 08:21:17.754 DEBUG 2916 --- [           main] org.hibernate.SQL                        : drop table t_user if exists
2019-07-03 08:21:17.754 DEBUG 2916 --- [           main] org.hibernate.SQL                        : drop table t_user_class if exists
2019-07-03 08:21:17.754 DEBUG 2916 --- [           main] org.hibernate.SQL                        : drop table t_user_course if exists
2019-07-03 08:21:17.754 DEBUG 2916 --- [           main] org.hibernate.SQL                        : drop table t_user_task_code if exists
2019-07-03 08:21:17.769  INFO 2916 --- [           main] com.zaxxer.hikari.HikariDataSource       : HikariPool-1 - Shutdown initiated...
2019-07-03 08:21:17.785  INFO 2916 --- [           main] com.zaxxer.hikari.HikariDataSource       : HikariPool-1 - Shutdown completed.

  .   ____          _            __ _ _
 /\\ / ___'_ __ _ _(_)_ __  __ _ \ \ \ \
( ( )\___ | '_ | '_| | '_ \/ _` | \ \ \ \
 \\/  ___)| |_)| | | | | || (_| |  ) ) ) )
  '  |____| .__|_| |_|_| |_\__, | / / / /
 =========|_|==============|___/=/_/_/_/
 :: Spring Boot ::        (v2.1.6.RELEASE)

2019-07-03 08:21:18.467  INFO 2916 --- [           main] j.s.b.a.c.teacher.ClassControllerTest    : Starting ClassControllerTest on INST028 with PID 2916 (started by user01 in F:\dev\workspace_sts\algolearn_20190622)
2019-07-03 08:21:18.467  INFO 2916 --- [           main] j.s.b.a.c.teacher.ClassControllerTest    : The following profiles are active: test
2019-07-03 08:21:20.154  INFO 2916 --- [           main] .s.d.r.c.RepositoryConfigurationDelegate : Bootstrapping Spring Data repositories in DEFAULT mode.
2019-07-03 08:21:20.544  INFO 2916 --- [           main] .s.d.r.c.RepositoryConfigurationDelegate : Finished Spring Data repository scanning in 390ms. Found 5 repository interfaces.
2019-07-03 08:21:20.934  INFO 2916 --- [           main] trationDelegate$BeanPostProcessorChecker : Bean 'org.springframework.transaction.annotation.ProxyTransactionManagementConfiguration' of type [org.springframework.transaction.annotation.ProxyTransactionManagementConfiguration$$EnhancerBySpringCGLIB$$30dc68] is not eligible for getting processed by all BeanPostProcessors (for example: not eligible for auto-proxying)
2019-07-03 08:21:21.777  INFO 2916 --- [           main] o.s.b.w.embedded.tomcat.TomcatWebServer  : Tomcat initialized with port(s): 0 (http)
2019-07-03 08:21:21.777  INFO 2916 --- [           main] o.apache.catalina.core.StandardService   : Starting service [Tomcat]
2019-07-03 08:21:21.777  INFO 2916 --- [           main] org.apache.catalina.core.StandardEngine  : Starting Servlet engine: [Apache Tomcat/9.0.21]
2019-07-03 08:21:22.028  INFO 2916 --- [           main] o.a.c.c.C.[Tomcat].[localhost].[/]       : Initializing Spring embedded WebApplicationContext
2019-07-03 08:21:22.028  INFO 2916 --- [           main] o.s.web.context.ContextLoader            : Root WebApplicationContext: initialization completed in 3545 ms
2019-07-03 08:21:22.663  INFO 2916 --- [           main] com.zaxxer.hikari.HikariDataSource       : HikariPool-2 - Starting...
2019-07-03 08:21:22.663  INFO 2916 --- [           main] com.zaxxer.hikari.HikariDataSource       : HikariPool-2 - Start completed.
2019-07-03 08:21:22.929  INFO 2916 --- [           main] o.hibernate.jpa.internal.util.LogHelper  : HHH000204: Processing PersistenceUnitInfo [
	name: default
	...]
2019-07-03 08:21:23.043  INFO 2916 --- [           main] org.hibernate.dialect.Dialect            : HHH000400: Using dialect: org.hibernate.dialect.H2Dialect
2019-07-03 08:21:24.371 DEBUG 2916 --- [           main] org.hibernate.SQL                        : drop table t_class if exists
2019-07-03 08:21:24.371 DEBUG 2916 --- [           main] org.hibernate.SQL                        : drop table t_class_course if exists
2019-07-03 08:21:24.371 DEBUG 2916 --- [           main] org.hibernate.SQL                        : drop table t_course if exists
2019-07-03 08:21:24.371 DEBUG 2916 --- [           main] org.hibernate.SQL                        : drop table t_question if exists
2019-07-03 08:21:24.387 DEBUG 2916 --- [           main] org.hibernate.SQL                        : drop table t_task if exists
2019-07-03 08:21:24.387 DEBUG 2916 --- [           main] org.hibernate.SQL                        : drop table t_task_course if exists
2019-07-03 08:21:24.387 DEBUG 2916 --- [           main] org.hibernate.SQL                        : drop table t_task_question if exists
2019-07-03 08:21:24.387 DEBUG 2916 --- [           main] org.hibernate.SQL                        : drop table t_task_valiable if exists
2019-07-03 08:21:24.387 DEBUG 2916 --- [           main] org.hibernate.SQL                        : drop table t_task_valiable_answer if exists
2019-07-03 08:21:24.387 DEBUG 2916 --- [           main] org.hibernate.SQL                        : drop table t_user if exists
2019-07-03 08:21:24.387 DEBUG 2916 --- [           main] org.hibernate.SQL                        : drop table t_user_class if exists
2019-07-03 08:21:24.387 DEBUG 2916 --- [           main] org.hibernate.SQL                        : drop table t_user_course if exists
2019-07-03 08:21:24.387 DEBUG 2916 --- [           main] org.hibernate.SQL                        : drop table t_user_task_code if exists
2019-07-03 08:21:24.387 DEBUG 2916 --- [           main] org.hibernate.SQL                        : create table t_class (id integer generated by default as identity, name varchar(255), primary key (id))
2019-07-03 08:21:24.387 DEBUG 2916 --- [           main] org.hibernate.SQL                        : create table t_class_course (class_id integer not null, course_id integer not null, primary key (class_id, course_id))
2019-07-03 08:21:24.397 DEBUG 2916 --- [           main] org.hibernate.SQL                        : create table t_course (id integer generated by default as identity, name varchar(255), primary key (id))
2019-07-03 08:21:24.491 DEBUG 2916 --- [           main] org.hibernate.SQL                        : create table t_question (id integer generated by default as identity, description varchar(255), input_num integer, public_flg boolean not null, title varchar(255), primary key (id))
2019-07-03 08:21:24.491 DEBUG 2916 --- [           main] org.hibernate.SQL                        : create table t_task (id integer generated by default as identity, description varchar(255), language_id varchar(255), question_id integer, title varchar(255), primary key (id))
2019-07-03 08:21:24.507 DEBUG 2916 --- [           main] org.hibernate.SQL                        : create table t_task_course (course_id integer not null, task_id integer not null, number integer, primary key (course_id, task_id))
2019-07-03 08:21:24.507 DEBUG 2916 --- [           main] org.hibernate.SQL                        : create table t_task_question (course_id integer not null, task_id integer not null, question_id integer not null, primary key (course_id, task_id))
2019-07-03 08:21:24.523 DEBUG 2916 --- [           main] org.hibernate.SQL                        : create table t_task_valiable (task_id integer not null, val_number integer not null, date_type varchar(255), primary key (task_id, val_number))
2019-07-03 08:21:24.523 DEBUG 2916 --- [           main] org.hibernate.SQL                        : create table t_task_valiable_answer (task_id integer not null, val_number integer not null, parametor varchar(255), public_flg boolean, primary key (task_id, val_number))
2019-07-03 08:21:24.523 DEBUG 2916 --- [           main] org.hibernate.SQL                        : create table t_user (id varchar(255) not null, name varchar(255), password varchar(255) not null, role_id varchar(3) not null, primary key (id))
2019-07-03 08:21:24.523 DEBUG 2916 --- [           main] org.hibernate.SQL                        : create table t_user_class (class_id integer not null, user_id varchar(255) not null, primary key (class_id, user_id))
2019-07-03 08:21:24.523 DEBUG 2916 --- [           main] org.hibernate.SQL                        : create table t_user_course (course_id integer not null, user_id varchar(255) not null, primary key (course_id, user_id))
2019-07-03 08:21:24.538 DEBUG 2916 --- [           main] org.hibernate.SQL                        : create table t_user_task_code (course_id integer not null, task_id integer not null, user_id varchar(255) not null, additional_code varchar(255), check_code varchar(255), code varchar(255), status integer, primary key (course_id, task_id, user_id))
2019-07-03 08:21:24.538 DEBUG 2916 --- [           main] org.hibernate.SQL                        : alter table t_class_course add constraint FKtrjvcjrbk3a34kf92plsdj6fs foreign key (class_id) references t_class
2019-07-03 08:21:24.538 DEBUG 2916 --- [           main] org.hibernate.SQL                        : alter table t_class_course add constraint FKhmw6ufj3qm164mhm9nby1m073 foreign key (course_id) references t_course
2019-07-03 08:21:24.538 DEBUG 2916 --- [           main] org.hibernate.SQL                        : alter table t_task_course add constraint FK4jrxyc6v6wf0xso20wvlmh2ee foreign key (course_id) references t_course
2019-07-03 08:21:24.569 DEBUG 2916 --- [           main] org.hibernate.SQL                        : alter table t_task_course add constraint FKn1m1it14va4kmsofax0myqf5q foreign key (task_id) references t_task
2019-07-03 08:21:24.585 DEBUG 2916 --- [           main] org.hibernate.SQL                        : alter table t_task_question add constraint FKsb6xj06q3y17mqr20u9p601l3 foreign key (question_id) references t_question
2019-07-03 08:21:24.585 DEBUG 2916 --- [           main] org.hibernate.SQL                        : alter table t_task_question add constraint FKt371230vwrdfhccxyv6nbtn0h foreign key (task_id) references t_task
2019-07-03 08:21:24.601 DEBUG 2916 --- [           main] org.hibernate.SQL                        : alter table t_task_valiable add constraint FK6n6hm5nvxgem4ypsq6beqt0jh foreign key (task_id) references t_task
2019-07-03 08:21:24.616 DEBUG 2916 --- [           main] org.hibernate.SQL                        : alter table t_task_valiable_answer add constraint FK54y8v5a7ijwore959mtlkq44v foreign key (task_id) references t_task
2019-07-03 08:21:24.632 DEBUG 2916 --- [           main] org.hibernate.SQL                        : alter table t_user_class add constraint FKq93wm54euun6e584hup5kon7i foreign key (class_id) references t_class
2019-07-03 08:21:24.679 DEBUG 2916 --- [           main] org.hibernate.SQL                        : alter table t_user_class add constraint FKkyn2s946l9bqe2eyec4j6lslg foreign key (user_id) references t_user
2019-07-03 08:21:24.694 DEBUG 2916 --- [           main] org.hibernate.SQL                        : alter table t_user_course add constraint FK90imtv1278n7ixjhs8g84xdog foreign key (course_id) references t_course
2019-07-03 08:21:24.726 DEBUG 2916 --- [           main] org.hibernate.SQL                        : alter table t_user_course add constraint FKjj7ru3iy9xc1qyfumnwyxxbm3 foreign key (user_id) references t_user
2019-07-03 08:21:24.741 DEBUG 2916 --- [           main] org.hibernate.SQL                        : alter table t_user_task_code add constraint FKkjdatkav4agfmq8933ha2kt1i foreign key (course_id) references t_course
2019-07-03 08:21:24.741 DEBUG 2916 --- [           main] org.hibernate.SQL                        : alter table t_user_task_code add constraint FK74583k377nsqjo2mtkwl3hs9s foreign key (task_id) references t_task
2019-07-03 08:21:24.788 DEBUG 2916 --- [           main] org.hibernate.SQL                        : alter table t_user_task_code add constraint FK3xlknejdp3ry80bkx5j3gky5r foreign key (user_id) references t_user
2019-07-03 08:21:24.819  INFO 2916 --- [           main] o.h.t.schema.internal.SchemaCreatorImpl  : HHH000476: Executing import script 'org.hibernate.tool.schema.internal.exec.ScriptSourceInputNonExistentImpl@2a5c6b76'
2019-07-03 08:21:24.819  INFO 2916 --- [           main] j.LocalContainerEntityManagerFactoryBean : Initialized JPA EntityManagerFactory for persistence unit 'default'
2019-07-03 08:21:26.389  INFO 2916 --- [           main] o.s.s.concurrent.ThreadPoolTaskExecutor  : Initializing ExecutorService 'applicationTaskExecutor'
2019-07-03 08:21:26.408  WARN 2916 --- [           main] aWebConfiguration$JpaWebMvcConfiguration : spring.jpa.open-in-view is enabled by default. Therefore, database queries may be performed during view rendering. Explicitly configure spring.jpa.open-in-view to disable this warning
2019-07-03 08:21:27.267  INFO 2916 --- [           main] o.a.c.c.C.[Tomcat].[localhost].[/]       : Initializing Spring TestDispatcherServlet ''
2019-07-03 08:21:27.267  INFO 2916 --- [           main] o.s.t.web.servlet.TestDispatcherServlet  : Initializing Servlet ''
2019-07-03 08:21:27.299  INFO 2916 --- [           main] o.s.t.web.servlet.TestDispatcherServlet  : Completed initialization in 32 ms
2019-07-03 08:21:27.424  INFO 2916 --- [           main] o.s.b.w.embedded.tomcat.TomcatWebServer  : Tomcat started on port(s): 52869 (http) with context path ''
2019-07-03 08:21:27.424  INFO 2916 --- [           main] j.s.b.a.c.teacher.ClassControllerTest    : Started ClassControllerTest in 9.238 seconds (JVM running for 33.743)
2019-07-03 08:21:27.452  INFO 2916 --- [           main] o.a.c.c.C.[Tomcat].[localhost].[/]       : Initializing Spring TestDispatcherServlet ''
2019-07-03 08:21:27.452  INFO 2916 --- [           main] o.s.t.web.servlet.TestDispatcherServlet  : Initializing Servlet ''
2019-07-03 08:21:27.468  INFO 2916 --- [           main] o.s.t.web.servlet.TestDispatcherServlet  : Completed initialization in 16 ms
]]></system-out>
  </testcase>
  <testcase name="先生用クラス登録ページ表示_ユーザーあり" classname="jp.spring.boot.algolearn.controller.teacher.ClassControllerTest" time="7.732"/>
  <testcase name="先生用クラス登録ページ表示_ユーザーなし" classname="jp.spring.boot.algolearn.controller.teacher.ClassControllerTest" time="8.467"/>
  <testcase name="先生用クラス一覧ページ表示_クラスあり" classname="jp.spring.boot.algolearn.controller.teacher.ClassControllerTest" time="7.948"/>
  <testcase name="先生用クラス一覧ページ表示_クラスなし" classname="jp.spring.boot.algolearn.controller.teacher.ClassControllerTest" time="4.037"/>
  <testcase name="先生用クラス削除処理_ユーザーなし" classname="jp.spring.boot.algolearn.controller.teacher.ClassControllerTest" time="3.7"/>
</testsuite>